<?xml version="1.0" encoding="UTF-8"?>
<testsuite name="hello.HelloControllerTest" time="0.01" tests="1" errors="1" skipped="0" failures="0">
  <properties>
[...]
</properties>
  <testcase name="getHello" classname="hello.HelloControllerTest" time="0.01">
    <error message="Failed to load ApplicationContext" type="java.lang.IllegalStateException">java.lang.IllegalStateException: Failed to load ApplicationContext
	at org.springframework.test.context.cache.DefaultCacheAwareContextLoaderDelegate.loadContext(DefaultCacheAwareContextLoaderDelegate.java:124)
	at org.springframework.test.context.support.DefaultTestContext.getApplicationContext(DefaultTestContext.java:83)
	at org.springframework.test.context.web.ServletTestExecutionListener.setUpRequestContextIfNecessary(ServletTestExecutionListener.java:189)
	at org.springframework.test.context.web.ServletTestExecutionListener.prepareTestInstance(ServletTestExecutionListener.java:131)
	at org.springframework.test.context.TestContextManager.prepareTestInstance(TestContextManager.java:230)
	at org.springframework.test.context.junit4.SpringJUnit4ClassRunner.createTest(SpringJUnit4ClassRunner.java:228)
	at org.springframework.test.context.junit4.SpringJUnit4ClassRunner$1.runReflectiveCall(SpringJUnit4ClassRunner.java:287)
	at org.junit.internal.runners.model.ReflectiveCallable.run(ReflectiveCallable.java:12)
	at org.springframework.test.context.junit4.SpringJUnit4ClassRunner.methodBlock(SpringJUnit4ClassRunner.java:289)
	at org.springframework.test.context.junit4.SpringJUnit4ClassRunner.runChild(SpringJUnit4ClassRunner.java:247)
	at org.springframework.test.context.junit4.SpringJUnit4ClassRunner.runChild(SpringJUnit4ClassRunner.java:94)
	at org.junit.runners.ParentRunner$3.run(ParentRunner.java:290)
	at org.junit.runners.ParentRunner$1.schedule(ParentRunner.java:71)
	at org.junit.runners.ParentRunner.runChildren(ParentRunner.java:288)
	at org.junit.runners.ParentRunner.access$000(ParentRunner.java:58)
	at org.junit.runners.ParentRunner$2.evaluate(ParentRunner.java:268)
	at org.springframework.test.context.junit4.statements.RunBeforeTestClassCallbacks.evaluate(RunBeforeTestClassCallbacks.java:61)
	at org.springframework.test.context.junit4.statements.RunAfterTestClassCallbacks.evaluate(RunAfterTestClassCallbacks.java:70)
	at org.junit.runners.ParentRunner.run(ParentRunner.java:363)
	at org.springframework.test.context.junit4.SpringJUnit4ClassRunner.run(SpringJUnit4ClassRunner.java:191)
	at org.apache.maven.surefire.junit4.JUnit4Provider.execute(JUnit4Provider.java:283)
	at org.apache.maven.surefire.junit4.JUnit4Provider.executeWithRerun(JUnit4Provider.java:173)
	at org.apache.maven.surefire.junit4.JUnit4Provider.executeTestSet(JUnit4Provider.java:153)
	at org.apache.maven.surefire.junit4.JUnit4Provider.invoke(JUnit4Provider.java:128)
	at org.apache.maven.surefire.booter.ForkedBooter.invokeProviderInSameClassLoader(ForkedBooter.java:203)
	at org.apache.maven.surefire.booter.ForkedBooter.runSuitesInProcess(ForkedBooter.java:155)
	at org.apache.maven.surefire.booter.ForkedBooter.main(ForkedBooter.java:103)
Caused by: org.springframework.beans.factory.BeanCreationException: Error creating bean with name 'createWebSocketContainer' defined in class path resource [hello/connect/WebSocketConfig.class]: Invocation of init method failed; nested exception is java.lang.IllegalStateException: A ServletContext is required to access the javax.websocket.server.ServerContainer instance
	at org.springframework.beans.factory.support.AbstractAutowireCapableBeanFactory.initializeBean(AbstractAutowireCapableBeanFactory.java:1628)
	at org.springframework.beans.factory.support.AbstractAutowireCapableBeanFactory.doCreateBean(AbstractAutowireCapableBeanFactory.java:555)
	at org.springframework.beans.factory.support.AbstractAutowireCapableBeanFactory.createBean(AbstractAutowireCapableBeanFactory.java:483)
	at org.springframework.beans.factory.support.AbstractBeanFactory$1.getObject(AbstractBeanFactory.java:306)
	at org.springframework.beans.factory.support.DefaultSingletonBeanRegistry.getSingleton(DefaultSingletonBeanRegistry.java:230)
	at org.springframework.beans.factory.support.AbstractBeanFactory.doGetBean(AbstractBeanFactory.java:302)
	at org.springframework.beans.factory.support.AbstractBeanFactory.getBean(AbstractBeanFactory.java:197)
	at org.springframework.beans.factory.support.DefaultListableBeanFactory.preInstantiateSingletons(DefaultListableBeanFactory.java:742)
	at org.springframework.context.support.AbstractApplicationContext.finishBeanFactoryInitialization(AbstractApplicationContext.java:867)
	at org.springframework.context.support.AbstractApplicationContext.refresh(AbstractApplicationContext.java:543)
	at org.springframework.boot.SpringApplication.refresh(SpringApplication.java:693)
	at org.springframework.boot.SpringApplication.refreshContext(SpringApplication.java:360)
	at org.springframework.boot.SpringApplication.run(SpringApplication.java:303)
	at org.springframework.boot.test.context.SpringBootContextLoader.loadContext(SpringBootContextLoader.java:120)
	at org.springframework.test.context.cache.DefaultCacheAwareContextLoaderDelegate.loadContextInternal(DefaultCacheAwareContextLoaderDelegate.java:98)
	at org.springframework.test.context.cache.DefaultCacheAwareContextLoaderDelegate.loadContext(DefaultCacheAwareContextLoaderDelegate.java:116)
	at org.springframework.test.context.support.DefaultTestContext.getApplicationContext(DefaultTestContext.java:83)
	at org.springframework.test.context.web.ServletTestExecutionListener.setUpRequestContextIfNecessary(ServletTestExecutionListener.java:189)
	at org.springframework.test.context.web.ServletTestExecutionListener.prepareTestInstance(ServletTestExecutionListener.java:131)
	at org.springframework.test.context.TestContextManager.prepareTestInstance(TestContextManager.java:230)
	at org.springframework.test.context.junit4.SpringJUnit4ClassRunner.createTest(SpringJUnit4ClassRunner.java:228)
	at org.springframework.test.context.junit4.SpringJUnit4ClassRunner$1.runReflectiveCall(SpringJUnit4ClassRunner.java:287)
	at org.junit.internal.runners.model.ReflectiveCallable.run(ReflectiveCallable.java:12)
	at org.springframework.test.context.junit4.SpringJUnit4ClassRunner.methodBlock(SpringJUnit4ClassRunner.java:289)
	at org.springframework.test.context.junit4.SpringJUnit4ClassRunner.runChild(SpringJUnit4ClassRunner.java:247)
	at org.springframework.test.context.junit4.SpringJUnit4ClassRunner.runChild(SpringJUnit4ClassRunner.java:94)
	at org.junit.runners.ParentRunner$3.run(ParentRunner.java:290)
	at org.junit.runners.ParentRunner$1.schedule(ParentRunner.java:71)
	at org.junit.runners.ParentRunner.runChildren(ParentRunner.java:288)
	at org.junit.runners.ParentRunner.access$000(ParentRunner.java:58)
	at org.junit.runners.ParentRunner$2.evaluate(ParentRunner.java:268)
	at org.springframework.test.context.junit4.statements.RunBeforeTestClassCallbacks.evaluate(RunBeforeTestClassCallbacks.java:61)
	at org.springframework.test.context.junit4.statements.RunAfterTestClassCallbacks.evaluate(RunAfterTestClassCallbacks.java:70)
	at org.junit.runners.ParentRunner.run(ParentRunner.java:363)
	at org.springframework.test.context.junit4.SpringJUnit4ClassRunner.run(SpringJUnit4ClassRunner.java:191)
	at org.apache.maven.surefire.junit4.JUnit4Provider.execute(JUnit4Provider.java:283)
	at org.apache.maven.surefire.junit4.JUnit4Provider.executeWithRerun(JUnit4Provider.java:173)
	at org.apache.maven.surefire.junit4.JUnit4Provider.executeTestSet(JUnit4Provider.java:153)
	at org.apache.maven.surefire.junit4.JUnit4Provider.invoke(JUnit4Provider.java:128)
	at org.apache.maven.surefire.booter.ForkedBooter.invokeProviderInSameClassLoader(ForkedBooter.java:203)
	at org.apache.maven.surefire.booter.ForkedBooter.runSuitesInProcess(ForkedBooter.java:155)
	at org.apache.maven.surefire.booter.ForkedBooter.main(ForkedBooter.java:103)
Caused by: java.lang.IllegalStateException: A ServletContext is required to access the javax.websocket.server.ServerContainer instance
	at org.springframework.util.Assert.state(Assert.java:70)
	at org.springframework.web.socket.server.standard.ServletServerContainerFactoryBean.afterPropertiesSet(ServletServerContainerFactoryBean.java:99)
	at org.springframework.beans.factory.support.AbstractAutowireCapableBeanFactory.invokeInitMethods(AbstractAutowireCapableBeanFactory.java:1687)
	at org.springframework.beans.factory.support.AbstractAutowireCapableBeanFactory.initializeBean(AbstractAutowireCapableBeanFactory.java:1624)
	at org.springframework.beans.factory.support.AbstractAutowireCapableBeanFactory.doCreateBean(AbstractAutowireCapableBeanFactory.java:555)
	at org.springframework.beans.factory.support.AbstractAutowireCapableBeanFactory.createBean(AbstractAutowireCapableBeanFactory.java:483)
	at org.springframework.beans.factory.support.AbstractBeanFactory$1.getObject(AbstractBeanFactory.java:306)
	at org.springframework.beans.factory.support.DefaultSingletonBeanRegistry.getSingleton(DefaultSingletonBeanRegistry.java:230)
	at org.springframework.beans.factory.support.AbstractBeanFactory.doGetBean(AbstractBeanFactory.java:302)
	at org.springframework.beans.factory.support.AbstractBeanFactory.getBean(AbstractBeanFactory.java:197)
	at org.springframework.beans.factory.support.DefaultListableBeanFactory.preInstantiateSingletons(DefaultListableBeanFactory.java:742)
	at org.springframework.context.support.AbstractApplicationContext.finishBeanFactoryInitialization(AbstractApplicationContext.java:867)
	at org.springframework.context.support.AbstractApplicationContext.refresh(AbstractApplicationContext.java:543)
	at org.springframework.boot.SpringApplication.refresh(SpringApplication.java:693)
	at org.springframework.boot.SpringApplication.refreshContext(SpringApplication.java:360)
	at org.springframework.boot.SpringApplication.run(SpringApplication.java:303)
	at org.springframework.boot.test.context.SpringBootContextLoader.loadContext(SpringBootContextLoader.java:120)
	at org.springframework.test.context.cache.DefaultCacheAwareContextLoaderDelegate.loadContextInternal(DefaultCacheAwareContextLoaderDelegate.java:98)
	at org.springframework.test.context.cache.DefaultCacheAwareContextLoaderDelegate.loadContext(DefaultCacheAwareContextLoaderDelegate.java:116)
	at org.springframework.test.context.support.DefaultTestContext.getApplicationContext(DefaultTestContext.java:83)
	at org.springframework.test.context.web.ServletTestExecutionListener.setUpRequestContextIfNecessary(ServletTestExecutionListener.java:189)
	at org.springframework.test.context.web.ServletTestExecutionListener.prepareTestInstance(ServletTestExecutionListener.java:131)
	at org.springframework.test.context.TestContextManager.prepareTestInstance(TestContextManager.java:230)
	at org.springframework.test.context.junit4.SpringJUnit4ClassRunner.createTest(SpringJUnit4ClassRunner.java:228)
	at org.springframework.test.context.junit4.SpringJUnit4ClassRunner$1.runReflectiveCall(SpringJUnit4ClassRunner.java:287)
	at org.junit.internal.runners.model.ReflectiveCallable.run(ReflectiveCallable.java:12)
	at org.springframework.test.context.junit4.SpringJUnit4ClassRunner.methodBlock(SpringJUnit4ClassRunner.java:289)
	at org.springframework.test.context.junit4.SpringJUnit4ClassRunner.runChild(SpringJUnit4ClassRunner.java:247)
	at org.springframework.test.context.junit4.SpringJUnit4ClassRunner.runChild(SpringJUnit4ClassRunner.java:94)
	at org.junit.runners.ParentRunner$3.run(ParentRunner.java:290)
	at org.junit.runners.ParentRunner$1.schedule(ParentRunner.java:71)
	at org.junit.runners.ParentRunner.runChildren(ParentRunner.java:288)
	at org.junit.runners.ParentRunner.access$000(ParentRunner.java:58)
	at org.junit.runners.ParentRunner$2.evaluate(ParentRunner.java:268)
	at org.springframework.test.context.junit4.statements.RunBeforeTestClassCallbacks.evaluate(RunBeforeTestClassCallbacks.java:61)
	at org.springframework.test.context.junit4.statements.RunAfterTestClassCallbacks.evaluate(RunAfterTestClassCallbacks.java:70)
	at org.junit.runners.ParentRunner.run(ParentRunner.java:363)
	at org.springframework.test.context.junit4.SpringJUnit4ClassRunner.run(SpringJUnit4ClassRunner.java:191)
	at org.apache.maven.surefire.junit4.JUnit4Provider.execute(JUnit4Provider.java:283)
	at org.apache.maven.surefire.junit4.JUnit4Provider.executeWithRerun(JUnit4Provider.java:173)
	at org.apache.maven.surefire.junit4.JUnit4Provider.executeTestSet(JUnit4Provider.java:153)
	at org.apache.maven.surefire.junit4.JUnit4Provider.invoke(JUnit4Provider.java:128)
	at org.apache.maven.surefire.booter.ForkedBooter.invokeProviderInSameClassLoader(ForkedBooter.java:203)
	at org.apache.maven.surefire.booter.ForkedBooter.runSuitesInProcess(ForkedBooter.java:155)
	at org.apache.maven.surefire.booter.ForkedBooter.main(ForkedBooter.java:103)
</error>
    <system-out><![CDATA[14:27:17.783 [main] DEBUG org.springframework.test.context.junit4.SpringJUnit4ClassRunner - SpringJUnit4ClassRunner constructor called with [class hello.HelloControllerTest]
14:27:17.788 [main] DEBUG org.springframework.test.context.BootstrapUtils - Instantiating CacheAwareContextLoaderDelegate from class [org.springframework.test.context.cache.DefaultCacheAwareContextLoaderDelegate]
14:27:17.796 [main] DEBUG org.springframework.test.context.BootstrapUtils - Instantiating BootstrapContext using constructor [public org.springframework.test.context.support.DefaultBootstrapContext(java.lang.Class,org.springframework.test.context.CacheAwareContextLoaderDelegate)]
14:27:17.815 [main] DEBUG org.springframework.test.context.BootstrapUtils - Instantiating TestContextBootstrapper for test class [hello.HelloControllerTest] from class [org.springframework.boot.test.context.SpringBootTestContextBootstrapper]
14:27:17.828 [main] INFO org.springframework.boot.test.context.SpringBootTestContextBootstrapper - Neither @ContextConfiguration nor @ContextHierarchy found for test class [hello.HelloControllerTest], using SpringBootContextLoader
14:27:17.834 [main] DEBUG org.springframework.test.context.support.AbstractContextLoader - Did not detect default resource location for test class [hello.HelloControllerTest]: class path resource [hello/HelloControllerTest-context.xml] does not exist
14:27:17.834 [main] DEBUG org.springframework.test.context.support.AbstractContextLoader - Did not detect default resource location for test class [hello.HelloControllerTest]: class path resource [hello/HelloControllerTestContext.groovy] does not exist
14:27:17.836 [main] INFO org.springframework.test.context.support.AbstractContextLoader - Could not detect default resource locations for test class [hello.HelloControllerTest]: no resource found for suffixes {-context.xml, Context.groovy}.
14:27:17.837 [main] INFO org.springframework.test.context.support.AnnotationConfigContextLoaderUtils - Could not detect default configuration classes for test class [hello.HelloControllerTest]: HelloControllerTest does not declare any static, non-private, non-final, nested classes annotated with @Configuration.
14:27:17.897 [main] DEBUG org.springframework.test.context.support.ActiveProfilesUtils - Could not find an 'annotation declaring class' for annotation type [org.springframework.test.context.ActiveProfiles] and class [hello.HelloControllerTest]
14:27:17.908 [main] DEBUG org.springframework.core.env.StandardEnvironment - Adding PropertySource 'systemProperties' with lowest search precedence
14:27:17.912 [main] DEBUG org.springframework.core.env.StandardEnvironment - Adding PropertySource 'systemEnvironment' with lowest search precedence
14:27:17.914 [main] DEBUG org.springframework.core.env.StandardEnvironment - Initialized StandardEnvironment with PropertySources [MapPropertySource@331510866 {name='systemProperties', properties={java.runtime.name=Java(TM) SE Runtime Environment, sun.boot.library.path=/usr/lib/jvm/java-8-oracle/jre/lib/amd64, java.vm.version=25.151-b12, java.vm.vendor=Oracle Corporation, java.vendor.url=http://java.oracle.com/, path.separator=:, java.vm.name=Java HotSpot(TM) 64-Bit Server VM, file.encoding.pkg=sun.io, user.country=US, sun.java.launcher=SUN_STANDARD, sun.os.patch.level=unknown, java.vm.specification.name=Java Virtual Machine Specification, user.dir=/home/joao/Documents/gs-spring-boot-master/complete, java.runtime.version=1.8.0_151-b12, basedir=/home/joao/Documents/gs-spring-boot-master/complete, java.awt.graphicsenv=sun.awt.X11GraphicsEnvironment, java.endorsed.dirs=/usr/lib/jvm/java-8-oracle/jre/lib/endorsed, os.arch=amd64, surefire.real.class.path=/home/joao/Documents/gs-spring-boot-master/complete/target/surefire/surefirebooter1005614797026317067.jar, java.io.tmpdir=/tmp, line.separator=
, java.vm.specification.vendor=Oracle Corporation, os.name=Linux, maven.ext.class.path=/usr/local/netbeans-8.2/java/maven-nblib/netbeans-eventspy.jar, sun.jnu.encoding=UTF-8, java.library.path=/usr/lib/jvm/java-8-oracle/jre/lib/amd64:/usr/lib/jvm/java-8-oracle/jre/lib/i386::/usr/java/packages/lib/amd64:/usr/lib64:/lib64:/lib:/usr/lib, surefire.test.class.path=/home/joao/Documents/gs-spring-boot-master/complete/target/test-classes:/home/joao/Documents/gs-spring-boot-master/complete/target/classes:/home/joao/.m2/repository/org/springframework/boot/spring-boot-starter-web/1.5.9.RELEASE/spring-boot-starter-web-1.5.9.RELEASE.jar:/home/joao/.m2/repository/org/springframework/boot/spring-boot-starter/1.5.9.RELEASE/spring-boot-starter-1.5.9.RELEASE.jar:/home/joao/.m2/repository/org/springframework/boot/spring-boot/1.5.9.RELEASE/spring-boot-1.5.9.RELEASE.jar:/home/joao/.m2/repository/org/springframework/boot/spring-boot-autoconfigure/1.5.9.RELEASE/spring-boot-autoconfigure-1.5.9.RELEASE.jar:/home/joao/.m2/repository/org/springframework/boot/spring-boot-starter-logging/1.5.9.RELEASE/spring-boot-starter-logging-1.5.9.RELEASE.jar:/home/joao/.m2/repository/ch/qos/logback/logback-classic/1.1.11/logback-classic-1.1.11.jar:/home/joao/.m2/repository/ch/qos/logback/logback-core/1.1.11/logback-core-1.1.11.jar:/home/joao/.m2/repository/org/slf4j/jcl-over-slf4j/1.7.25/jcl-over-slf4j-1.7.25.jar:/home/joao/.m2/repository/org/slf4j/jul-to-slf4j/1.7.25/jul-to-slf4j-1.7.25.jar:/home/joao/.m2/repository/org/slf4j/log4j-over-slf4j/1.7.25/log4j-over-slf4j-1.7.25.jar:/home/joao/.m2/repository/org/yaml/snakeyaml/1.17/snakeyaml-1.17.jar:/home/joao/.m2/repository/org/springframework/boot/spring-boot-starter-tomcat/1.5.9.RELEASE/spring-boot-starter-tomcat-1.5.9.RELEASE.jar:/home/joao/.m2/repository/org/apache/tomcat/embed/tomcat-embed-core/8.5.23/tomcat-embed-core-8.5.23.jar:/home/joao/.m2/repository/org/apache/tomcat/tomcat-annotations-api/8.5.23/tomcat-annotations-api-8.5.23.jar:/home/joao/.m2/repository/org/apache/tomcat/embed/tomcat-embed-el/8.5.23/tomcat-embed-el-8.5.23.jar:/home/joao/.m2/repository/org/apache/tomcat/embed/tomcat-embed-websocket/8.5.23/tomcat-embed-websocket-8.5.23.jar:/home/joao/.m2/repository/org/hibernate/hibernate-validator/5.3.6.Final/hibernate-validator-5.3.6.Final.jar:/home/joao/.m2/repository/javax/validation/validation-api/1.1.0.Final/validation-api-1.1.0.Final.jar:/home/joao/.m2/repository/org/jboss/logging/jboss-logging/3.3.1.Final/jboss-logging-3.3.1.Final.jar:/home/joao/.m2/repository/com/fasterxml/classmate/1.3.4/classmate-1.3.4.jar:/home/joao/.m2/repository/com/fasterxml/jackson/core/jackson-databind/2.8.10/jackson-databind-2.8.10.jar:/home/joao/.m2/repository/com/fasterxml/jackson/core/jackson-annotations/2.8.0/jackson-annotations-2.8.0.jar:/home/joao/.m2/repository/com/fasterxml/jackson/core/jackson-core/2.8.10/jackson-core-2.8.10.jar:/home/joao/.m2/repository/org/springframework/spring-web/4.3.13.RELEASE/spring-web-4.3.13.RELEASE.jar:/home/joao/.m2/repository/org/springframework/spring-webmvc/4.3.13.RELEASE/spring-webmvc-4.3.13.RELEASE.jar:/home/joao/.m2/repository/org/springframework/boot/spring-boot-starter-actuator/1.5.9.RELEASE/spring-boot-starter-actuator-1.5.9.RELEASE.jar:/home/joao/.m2/repository/org/springframework/boot/spring-boot-actuator/1.5.9.RELEASE/spring-boot-actuator-1.5.9.RELEASE.jar:/home/joao/.m2/repository/org/springframework/boot/spring-boot-starter-test/1.5.9.RELEASE/spring-boot-starter-test-1.5.9.RELEASE.jar:/home/joao/.m2/repository/org/springframework/boot/spring-boot-test/1.5.9.RELEASE/spring-boot-test-1.5.9.RELEASE.jar:/home/joao/.m2/repository/org/springframework/boot/spring-boot-test-autoconfigure/1.5.9.RELEASE/spring-boot-test-autoconfigure-1.5.9.RELEASE.jar:/home/joao/.m2/repository/com/jayway/jsonpath/json-path/2.2.0/json-path-2.2.0.jar:/home/joao/.m2/repository/net/minidev/json-smart/2.2.1/json-smart-2.2.1.jar:/home/joao/.m2/repository/net/minidev/accessors-smart/1.1/accessors-smart-1.1.jar:/home/joao/.m2/repository/org/ow2/asm/asm/5.0.3/asm-5.0.3.jar:/home/joao/.m2/repository/org/slf4j/slf4j-api/1.7.25/slf4j-api-1.7.25.jar:/home/joao/.m2/repository/junit/junit/4.12/junit-4.12.jar:/home/joao/.m2/repository/org/assertj/assertj-core/2.6.0/assertj-core-2.6.0.jar:/home/joao/.m2/repository/org/mockito/mockito-core/1.10.19/mockito-core-1.10.19.jar:/home/joao/.m2/repository/org/objenesis/objenesis/2.1/objenesis-2.1.jar:/home/joao/.m2/repository/org/hamcrest/hamcrest-core/1.3/hamcrest-core-1.3.jar:/home/joao/.m2/repository/org/hamcrest/hamcrest-library/1.3/hamcrest-library-1.3.jar:/home/joao/.m2/repository/org/skyscreamer/jsonassert/1.4.0/jsonassert-1.4.0.jar:/home/joao/.m2/repository/com/vaadin/external/google/android-json/0.0.20131108.vaadin1/android-json-0.0.20131108.vaadin1.jar:/home/joao/.m2/repository/org/springframework/spring-core/4.3.13.RELEASE/spring-core-4.3.13.RELEASE.jar:/home/joao/.m2/repository/org/springframework/spring-test/4.3.13.RELEASE/spring-test-4.3.13.RELEASE.jar:/home/joao/.m2/repository/org/springframework/boot/spring-boot-starter-websocket/1.5.9.RELEASE/spring-boot-starter-websocket-1.5.9.RELEASE.jar:/home/joao/.m2/repository/org/springframework/spring-websocket/4.2.4.RELEASE/spring-websocket-4.2.4.RELEASE.jar:/home/joao/.m2/repository/org/springframework/spring-context/4.3.13.RELEASE/spring-context-4.3.13.RELEASE.jar:/home/joao/.m2/repository/io/projectreactor/reactor-net/2.0.7.RELEASE/reactor-net-2.0.7.RELEASE.jar:/home/joao/.m2/repository/io/projectreactor/reactor-bus/2.0.8.RELEASE/reactor-bus-2.0.8.RELEASE.jar:/home/joao/.m2/repository/com/goldmansachs/gs-collections/5.1.0/gs-collections-5.1.0.jar:/home/joao/.m2/repository/com/goldmansachs/gs-collections-api/5.1.0/gs-collections-api-5.1.0.jar:/home/joao/.m2/repository/io/projectreactor/reactor-core/2.0.8.RELEASE/reactor-core-2.0.8.RELEASE.jar:/home/joao/.m2/repository/org/reactivestreams/reactive-streams/1.0.0/reactive-streams-1.0.0.jar:/home/joao/.m2/repository/io/projectreactor/reactor-stream/2.0.8.RELEASE/reactor-stream-2.0.8.RELEASE.jar:/home/joao/.m2/repository/io/netty/netty-all/4.0.34.Final/netty-all-4.0.34.Final.jar:/home/joao/.m2/repository/org/springframework/spring-messaging/4.2.8.RELEASE/spring-messaging-4.2.8.RELEASE.jar:/home/joao/.m2/repository/org/springframework/spring-beans/4.3.13.RELEASE/spring-beans-4.3.13.RELEASE.jar:/home/joao/.m2/repository/org/springframework/integration/spring-integration-websocket/4.3.12.RELEASE/spring-integration-websocket-4.3.12.RELEASE.jar:/home/joao/.m2/repository/org/springframework/integration/spring-integration-core/4.3.12.RELEASE/spring-integration-core-4.3.12.RELEASE.jar:/home/joao/.m2/repository/org/springframework/spring-tx/4.3.13.RELEASE/spring-tx-4.3.13.RELEASE.jar:/home/joao/.m2/repository/org/springframework/retry/spring-retry/1.2.1.RELEASE/spring-retry-1.2.1.RELEASE.jar:/home/joao/.m2/repository/org/springframework/security/spring-security-messaging/4.2.3.RELEASE/spring-security-messaging-4.2.3.RELEASE.jar:/home/joao/.m2/repository/aopalliance/aopalliance/1.0/aopalliance-1.0.jar:/home/joao/.m2/repository/org/springframework/security/spring-security-core/4.2.3.RELEASE/spring-security-core-4.2.3.RELEASE.jar:/home/joao/.m2/repository/org/springframework/spring-expression/4.3.13.RELEASE/spring-expression-4.3.13.RELEASE.jar:/home/joao/.m2/repository/org/springframework/boot/spring-boot-starter-security/1.5.9.RELEASE/spring-boot-starter-security-1.5.9.RELEASE.jar:/home/joao/.m2/repository/org/springframework/spring-aop/4.3.13.RELEASE/spring-aop-4.3.13.RELEASE.jar:/home/joao/.m2/repository/org/springframework/security/spring-security-config/4.2.3.RELEASE/spring-security-config-4.2.3.RELEASE.jar:/home/joao/.m2/repository/org/springframework/security/spring-security-web/4.2.3.RELEASE/spring-security-web-4.2.3.RELEASE.jar:, java.specification.name=Java Platform API Specification, java.class.version=52.0, sun.management.compiler=HotSpot 64-Bit Tiered Compilers, os.version=4.13.10-041310-generic, user.home=/home/joao, user.timezone=America/Sao_Paulo, java.awt.printerjob=sun.print.PSPrinterJob, file.encoding=UTF-8, java.specification.version=1.8, java.class.path=/home/joao/Documents/gs-spring-boot-master/complete/target/test-classes:/home/joao/Documents/gs-spring-boot-master/complete/target/classes:/home/joao/.m2/repository/org/springframework/boot/spring-boot-starter-web/1.5.9.RELEASE/spring-boot-starter-web-1.5.9.RELEASE.jar:/home/joao/.m2/repository/org/springframework/boot/spring-boot-starter/1.5.9.RELEASE/spring-boot-starter-1.5.9.RELEASE.jar:/home/joao/.m2/repository/org/springframework/boot/spring-boot/1.5.9.RELEASE/spring-boot-1.5.9.RELEASE.jar:/home/joao/.m2/repository/org/springframework/boot/spring-boot-autoconfigure/1.5.9.RELEASE/spring-boot-autoconfigure-1.5.9.RELEASE.jar:/home/joao/.m2/repository/org/springframework/boot/spring-boot-starter-logging/1.5.9.RELEASE/spring-boot-starter-logging-1.5.9.RELEASE.jar:/home/joao/.m2/repository/ch/qos/logback/logback-classic/1.1.11/logback-classic-1.1.11.jar:/home/joao/.m2/repository/ch/qos/logback/logback-core/1.1.11/logback-core-1.1.11.jar:/home/joao/.m2/repository/org/slf4j/jcl-over-slf4j/1.7.25/jcl-over-slf4j-1.7.25.jar:/home/joao/.m2/repository/org/slf4j/jul-to-slf4j/1.7.25/jul-to-slf4j-1.7.25.jar:/home/joao/.m2/repository/org/slf4j/log4j-over-slf4j/1.7.25/log4j-over-slf4j-1.7.25.jar:/home/joao/.m2/repository/org/yaml/snakeyaml/1.17/snakeyaml-1.17.jar:/home/joao/.m2/repository/org/springframework/boot/spring-boot-starter-tomcat/1.5.9.RELEASE/spring-boot-starter-tomcat-1.5.9.RELEASE.jar:/home/joao/.m2/repository/org/apache/tomcat/embed/tomcat-embed-core/8.5.23/tomcat-embed-core-8.5.23.jar:/home/joao/.m2/repository/org/apache/tomcat/tomcat-annotations-api/8.5.23/tomcat-annotations-api-8.5.23.jar:/home/joao/.m2/repository/org/apache/tomcat/embed/tomcat-embed-el/8.5.23/tomcat-embed-el-8.5.23.jar:/home/joao/.m2/repository/org/apache/tomcat/embed/tomcat-embed-websocket/8.5.23/tomcat-embed-websocket-8.5.23.jar:/home/joao/.m2/repository/org/hibernate/hibernate-validator/5.3.6.Final/hibernate-validator-5.3.6.Final.jar:/home/joao/.m2/repository/javax/validation/validation-api/1.1.0.Final/validation-api-1.1.0.Final.jar:/home/joao/.m2/repository/org/jboss/logging/jboss-logging/3.3.1.Final/jboss-logging-3.3.1.Final.jar:/home/joao/.m2/repository/com/fasterxml/classmate/1.3.4/classmate-1.3.4.jar:/home/joao/.m2/repository/com/fasterxml/jackson/core/jackson-databind/2.8.10/jackson-databind-2.8.10.jar:/home/joao/.m2/repository/com/fasterxml/jackson/core/jackson-annotations/2.8.0/jackson-annotations-2.8.0.jar:/home/joao/.m2/repository/com/fasterxml/jackson/core/jackson-core/2.8.10/jackson-core-2.8.10.jar:/home/joao/.m2/repository/org/springframework/spring-web/4.3.13.RELEASE/spring-web-4.3.13.RELEASE.jar:/home/joao/.m2/repository/org/springframework/spring-webmvc/4.3.13.RELEASE/spring-webmvc-4.3.13.RELEASE.jar:/home/joao/.m2/repository/org/springframework/boot/spring-boot-starter-actuator/1.5.9.RELEASE/spring-boot-starter-actuator-1.5.9.RELEASE.jar:/home/joao/.m2/repository/org/springframework/boot/spring-boot-actuator/1.5.9.RELEASE/spring-boot-actuator-1.5.9.RELEASE.jar:/home/joao/.m2/repository/org/springframework/boot/spring-boot-starter-test/1.5.9.RELEASE/spring-boot-starter-test-1.5.9.RELEASE.jar:/home/joao/.m2/repository/org/springframework/boot/spring-boot-test/1.5.9.RELEASE/spring-boot-test-1.5.9.RELEASE.jar:/home/joao/.m2/repository/org/springframework/boot/spring-boot-test-autoconfigure/1.5.9.RELEASE/spring-boot-test-autoconfigure-1.5.9.RELEASE.jar:/home/joao/.m2/repository/com/jayway/jsonpath/json-path/2.2.0/json-path-2.2.0.jar:/home/joao/.m2/repository/net/minidev/json-smart/2.2.1/json-smart-2.2.1.jar:/home/joao/.m2/repository/net/minidev/accessors-smart/1.1/accessors-smart-1.1.jar:/home/joao/.m2/repository/org/ow2/asm/asm/5.0.3/asm-5.0.3.jar:/home/joao/.m2/repository/org/slf4j/slf4j-api/1.7.25/slf4j-api-1.7.25.jar:/home/joao/.m2/repository/junit/junit/4.12/junit-4.12.jar:/home/joao/.m2/repository/org/assertj/assertj-core/2.6.0/assertj-core-2.6.0.jar:/home/joao/.m2/repository/org/mockito/mockito-core/1.10.19/mockito-core-1.10.19.jar:/home/joao/.m2/repository/org/objenesis/objenesis/2.1/objenesis-2.1.jar:/home/joao/.m2/repository/org/hamcrest/hamcrest-core/1.3/hamcrest-core-1.3.jar:/home/joao/.m2/repository/org/hamcrest/hamcrest-library/1.3/hamcrest-library-1.3.jar:/home/joao/.m2/repository/org/skyscreamer/jsonassert/1.4.0/jsonassert-1.4.0.jar:/home/joao/.m2/repository/com/vaadin/external/google/android-json/0.0.20131108.vaadin1/android-json-0.0.20131108.vaadin1.jar:/home/joao/.m2/repository/org/springframework/spring-core/4.3.13.RELEASE/spring-core-4.3.13.RELEASE.jar:/home/joao/.m2/repository/org/springframework/spring-test/4.3.13.RELEASE/spring-test-4.3.13.RELEASE.jar:/home/joao/.m2/repository/org/springframework/boot/spring-boot-starter-websocket/1.5.9.RELEASE/spring-boot-starter-websocket-1.5.9.RELEASE.jar:/home/joao/.m2/repository/org/springframework/spring-websocket/4.2.4.RELEASE/spring-websocket-4.2.4.RELEASE.jar:/home/joao/.m2/repository/org/springframework/spring-context/4.3.13.RELEASE/spring-context-4.3.13.RELEASE.jar:/home/joao/.m2/repository/io/projectreactor/reactor-net/2.0.7.RELEASE/reactor-net-2.0.7.RELEASE.jar:/home/joao/.m2/repository/io/projectreactor/reactor-bus/2.0.8.RELEASE/reactor-bus-2.0.8.RELEASE.jar:/home/joao/.m2/repository/com/goldmansachs/gs-collections/5.1.0/gs-collections-5.1.0.jar:/home/joao/.m2/repository/com/goldmansachs/gs-collections-api/5.1.0/gs-collections-api-5.1.0.jar:/home/joao/.m2/repository/io/projectreactor/reactor-core/2.0.8.RELEASE/reactor-core-2.0.8.RELEASE.jar:/home/joao/.m2/repository/org/reactivestreams/reactive-streams/1.0.0/reactive-streams-1.0.0.jar:/home/joao/.m2/repository/io/projectreactor/reactor-stream/2.0.8.RELEASE/reactor-stream-2.0.8.RELEASE.jar:/home/joao/.m2/repository/io/netty/netty-all/4.0.34.Final/netty-all-4.0.34.Final.jar:/home/joao/.m2/repository/org/springframework/spring-messaging/4.2.8.RELEASE/spring-messaging-4.2.8.RELEASE.jar:/home/joao/.m2/repository/org/springframework/spring-beans/4.3.13.RELEASE/spring-beans-4.3.13.RELEASE.jar:/home/joao/.m2/repository/org/springframework/integration/spring-integration-websocket/4.3.12.RELEASE/spring-integration-websocket-4.3.12.RELEASE.jar:/home/joao/.m2/repository/org/springframework/integration/spring-integration-core/4.3.12.RELEASE/spring-integration-core-4.3.12.RELEASE.jar:/home/joao/.m2/repository/org/springframework/spring-tx/4.3.13.RELEASE/spring-tx-4.3.13.RELEASE.jar:/home/joao/.m2/repository/org/springframework/retry/spring-retry/1.2.1.RELEASE/spring-retry-1.2.1.RELEASE.jar:/home/joao/.m2/repository/org/springframework/security/spring-security-messaging/4.2.3.RELEASE/spring-security-messaging-4.2.3.RELEASE.jar:/home/joao/.m2/repository/aopalliance/aopalliance/1.0/aopalliance-1.0.jar:/home/joao/.m2/repository/org/springframework/security/spring-security-core/4.2.3.RELEASE/spring-security-core-4.2.3.RELEASE.jar:/home/joao/.m2/repository/org/springframework/spring-expression/4.3.13.RELEASE/spring-expression-4.3.13.RELEASE.jar:/home/joao/.m2/repository/org/springframework/boot/spring-boot-starter-security/1.5.9.RELEASE/spring-boot-starter-security-1.5.9.RELEASE.jar:/home/joao/.m2/repository/org/springframework/spring-aop/4.3.13.RELEASE/spring-aop-4.3.13.RELEASE.jar:/home/joao/.m2/repository/org/springframework/security/spring-security-config/4.2.3.RELEASE/spring-security-config-4.2.3.RELEASE.jar:/home/joao/.m2/repository/org/springframework/security/spring-security-web/4.2.3.RELEASE/spring-security-web-4.2.3.RELEASE.jar:, user.name=joao, java.vm.specification.version=1.8, sun.java.command=/home/joao/Documents/gs-spring-boot-master/complete/target/surefire/surefirebooter1005614797026317067.jar /home/joao/Documents/gs-spring-boot-master/complete/target/surefire/surefire7373090473183638861tmp /home/joao/Documents/gs-spring-boot-master/complete/target/surefire/surefire_07652990709724331319tmp, java.home=/usr/lib/jvm/java-8-oracle/jre, sun.arch.data.model=64, user.language=en, java.specification.vendor=Oracle Corporation, awt.toolkit=sun.awt.X11.XToolkit, java.vm.info=mixed mode, java.version=1.8.0_151, java.ext.dirs=/usr/lib/jvm/java-8-oracle/jre/lib/ext:/usr/java/packages/lib/ext, sun.boot.class.path=/usr/lib/jvm/java-8-oracle/jre/lib/resources.jar:/usr/lib/jvm/java-8-oracle/jre/lib/rt.jar:/usr/lib/jvm/java-8-oracle/jre/lib/sunrsasign.jar:/usr/lib/jvm/java-8-oracle/jre/lib/jsse.jar:/usr/lib/jvm/java-8-oracle/jre/lib/jce.jar:/usr/lib/jvm/java-8-oracle/jre/lib/charsets.jar:/usr/lib/jvm/java-8-oracle/jre/lib/jfr.jar:/usr/lib/jvm/java-8-oracle/jre/classes, java.vendor=Oracle Corporation, localRepository=/home/joao/.m2/repository, file.separator=/, java.vendor.url.bug=http://bugreport.sun.com/bugreport/, sun.io.unicode.encoding=UnicodeLittle, sun.cpu.endian=little, sun.desktop=gnome, sun.cpu.isalist=}}, SystemEnvironmentPropertySource@640363654 {name='systemEnvironment', properties={PATH=/home/joao/bin:/home/joao/.local/bin:/opt/OpenPrinting-Gutenprint/sbin:/opt/OpenPrinting-Gutenprint/bin:/usr/local/sbin:/usr/local/bin:/usr/sbin:/usr/bin:/sbin:/bin:/usr/games:/usr/local/games:/usr/lib/jvm/java-8-oracle/bin:/usr/lib/jvm/java-8-oracle/db/bin:/usr/lib/jvm/java-8-oracle/jre/bin, LC_MEASUREMENT=pt_BR.UTF-8, XAUTHORITY=/home/joao/.Xauthority, LC_TELEPHONE=pt_BR.UTF-8, XDG_DATA_DIRS=/usr/share/cinnamon:/usr/share/gnome:/usr/local/share/:/usr/share/, GDMSESSION=cinnamon, https_proxy=http://192.168.1.43:3128/, MANDATORY_PATH=/usr/share/gconf/cinnamon.mandatory.path, DBUS_SESSION_BUS_ADDRESS=unix:abstract=/tmp/dbus-GbNYBo3x8n,guid=acc9f7f6bba5e6de9ef78b3e5a573488, DEFAULTS_PATH=/usr/share/gconf/cinnamon.default.path, XDG_CURRENT_DESKTOP=X-Cinnamon, JRE_HOME=/usr/lib/jvm/java-8-oracle/jre, NB_EXEC_MAVEN_PROCESS_UUID=ca823f70-8248-4613-a93d-93fa45aec5c7, SSH_AGENT_PID=3629, LD_LIBRARY_PATH=/usr/lib/jvm/java-8-oracle/jre/lib/amd64:/usr/lib/jvm/java-8-oracle/jre/lib/i386:, LC_PAPER=pt_BR.UTF-8, SESSION_MANAGER=local/ideapad-320:@/tmp/.ICE-unix/3567,unix/ideapad-320:/tmp/.ICE-unix/3567, QT_LINUX_ACCESSIBILITY_ALWAYS_ON=1, LOGNAME=joao, PWD=/home/joao/Documents/gs-spring-boot-master/complete, DERBY_HOME=/usr/lib/jvm/java-8-oracle/db, LANGUAGE=en_US, GJS_DEBUG_TOPICS=JS ERROR;JS LOG, SHELL=/bin/bash, LC_ADDRESS=pt_BR.UTF-8, GIO_LAUNCHED_DESKTOP_FILE=/usr/share/applications/netbeans-8.2.desktop, J2SDKDIR=/usr/lib/jvm/java-8-oracle, OLDPWD=/home/joao/Documents/gs-spring-boot-master/complete, GNOME_DESKTOP_SESSION_ID=this-is-deprecated, GTK_MODULES=gail:atk-bridge, J2REDIR=/usr/lib/jvm/java-8-oracle/jre, XDG_SESSION_PATH=/org/freedesktop/DisplayManager/Session0, M2_HOME=/usr/local/netbeans-8.2/java/maven, XDG_SESSION_DESKTOP=cinnamon, SHLVL=1, LC_IDENTIFICATION=pt_BR.UTF-8, J2D_PIXMAPS=shared, LC_MONETARY=pt_BR.UTF-8, MANPATH=/opt/OpenPrinting-Gutenprint/man:/opt/OpenPrinting-Gutenprint/man:/usr/local/man:/usr/local/share/man:/usr/share/man:/usr/lib/jvm/java-8-oracle/man, JAVA_HOME=/usr/lib/jvm/java-8-oracle, XDG_CONFIG_DIRS=/etc/xdg/xdg-cinnamon:/etc/xdg, XFILESEARCHPATH=/usr/dt/app-defaults/%L/Dt, LANG=en_US.UTF-8, XDG_SEAT_PATH=/org/freedesktop/DisplayManager/Seat0, XDG_SESSION_ID=c2, XDG_SESSION_TYPE=x11, DISPLAY=:0, QT_STYLE_OVERRIDE=gtk, ftp_proxy=http://192.168.1.43:3128/, CINNAMON_VERSION=3.4.6, LC_NAME=pt_BR.UTF-8, _=/usr/lib/jvm/java-8-oracle/bin/java, http_proxy=http://192.168.1.43:3128/, no_proxy=localhost, 192.168.1.0/24, 127.0.0.0/8, *maisvida.med.br, GDM_LANG=en_US, XDG_GREETER_DATA_DIR=/var/lib/lightdm-data/joao, DESKTOP_SESSION=cinnamon, USER=joao, GIO_LAUNCHED_DESKTOP_FILE_PID=4466, QT_ACCESSIBILITY=1, LC_NUMERIC=pt_BR.UTF-8, GJS_DEBUG_OUTPUT=stderr, SSH_AUTH_SOCK=/run/user/1000/keyring/ssh, XDG_SEAT=seat0, GTK_OVERLAY_SCROLLING=1, NLSPATH=/usr/dt/lib/nls/msg/%L/%N.cat, QT_QPA_PLATFORMTHEME=qgnomeplatform, XDG_VTNR=7, XDG_RUNTIME_DIR=/run/user/1000, HOME=/home/joao}}]
14:27:17.927 [main] DEBUG org.springframework.core.io.support.PathMatchingResourcePatternResolver - Resolved classpath location [hello/] to resources [URL [file:/home/joao/Documents/gs-spring-boot-master/complete/target/test-classes/hello/], URL [file:/home/joao/Documents/gs-spring-boot-master/complete/target/classes/hello/]]
14:27:17.927 [main] DEBUG org.springframework.core.io.support.PathMatchingResourcePatternResolver - Looking for matching resources in directory tree [/home/joao/Documents/gs-spring-boot-master/complete/target/test-classes/hello]
14:27:17.928 [main] DEBUG org.springframework.core.io.support.PathMatchingResourcePatternResolver - Searching directory [/home/joao/Documents/gs-spring-boot-master/complete/target/test-classes/hello] for files matching pattern [/home/joao/Documents/gs-spring-boot-master/complete/target/test-classes/hello/*.class]
14:27:17.931 [main] DEBUG org.springframework.core.io.support.PathMatchingResourcePatternResolver - Looking for matching resources in directory tree [/home/joao/Documents/gs-spring-boot-master/complete/target/classes/hello]
14:27:17.931 [main] DEBUG org.springframework.core.io.support.PathMatchingResourcePatternResolver - Searching directory [/home/joao/Documents/gs-spring-boot-master/complete/target/classes/hello] for files matching pattern [/home/joao/Documents/gs-spring-boot-master/complete/target/classes/hello/*.class]
14:27:17.932 [main] DEBUG org.springframework.core.io.support.PathMatchingResourcePatternResolver - Resolved location pattern [classpath*:hello/*.class] to resources [file [/home/joao/Documents/gs-spring-boot-master/complete/target/test-classes/hello/HelloControllerIT.class], file [/home/joao/Documents/gs-spring-boot-master/complete/target/test-classes/hello/HelloControllerTest.class], file [/home/joao/Documents/gs-spring-boot-master/complete/target/classes/hello/Application.class], file [/home/joao/Documents/gs-spring-boot-master/complete/target/classes/hello/HelloController.class]]
14:27:17.978 [main] DEBUG org.springframework.context.annotation.ClassPathScanningCandidateComponentProvider - Identified candidate component class: file [/home/joao/Documents/gs-spring-boot-master/complete/target/classes/hello/Application.class]
14:27:17.989 [main] INFO org.springframework.boot.test.context.SpringBootTestContextBootstrapper - Found @SpringBootConfiguration hello.Application for test class hello.HelloControllerTest
14:27:17.995 [main] DEBUG org.springframework.boot.test.context.SpringBootTestContextBootstrapper - @TestExecutionListeners is not present for class [hello.HelloControllerTest]: using defaults.
14:27:17.999 [main] INFO org.springframework.boot.test.context.SpringBootTestContextBootstrapper - Loaded default TestExecutionListener class names from location [META-INF/spring.factories]: [org.springframework.boot.test.mock.mockito.MockitoTestExecutionListener, org.springframework.boot.test.mock.mockito.ResetMocksTestExecutionListener, org.springframework.boot.test.autoconfigure.restdocs.RestDocsTestExecutionListener, org.springframework.boot.test.autoconfigure.web.client.MockRestServiceServerResetTestExecutionListener, org.springframework.boot.test.autoconfigure.web.servlet.MockMvcPrintOnlyOnFailureTestExecutionListener, org.springframework.boot.test.autoconfigure.web.servlet.WebDriverTestExecutionListener, org.springframework.test.context.web.ServletTestExecutionListener, org.springframework.test.context.support.DirtiesContextBeforeModesTestExecutionListener, org.springframework.test.context.support.DependencyInjectionTestExecutionListener, org.springframework.test.context.support.DirtiesContextTestExecutionListener, org.springframework.test.context.transaction.TransactionalTestExecutionListener, org.springframework.test.context.jdbc.SqlScriptsTestExecutionListener]
14:27:18.022 [main] INFO org.springframework.boot.test.context.SpringBootTestContextBootstrapper - Using TestExecutionListeners: [org.springframework.test.context.web.ServletTestExecutionListener@7bb58ca3, org.springframework.test.context.support.DirtiesContextBeforeModesTestExecutionListener@c540f5a, org.springframework.boot.test.autoconfigure.SpringBootDependencyInjectionTestExecutionListener@770c2e6b, org.springframework.test.context.support.DirtiesContextTestExecutionListener@1a052a00, org.springframework.test.context.transaction.TransactionalTestExecutionListener@4d826d77, org.springframework.test.context.jdbc.SqlScriptsTestExecutionListener@61009542, org.springframework.boot.test.mock.mockito.ResetMocksTestExecutionListener@77e9807f, org.springframework.boot.test.mock.mockito.MockitoTestExecutionListener@448ff1a8, org.springframework.boot.test.autoconfigure.restdocs.RestDocsTestExecutionListener@1a38c59b, org.springframework.boot.test.autoconfigure.web.client.MockRestServiceServerResetTestExecutionListener@7f77e91b, org.springframework.boot.test.autoconfigure.web.servlet.WebDriverTestExecutionListener@44a664f2, org.springframework.boot.test.autoconfigure.web.servlet.MockMvcPrintOnlyOnFailureTestExecutionListener@7f9fcf7f]
14:27:18.026 [main] DEBUG org.springframework.test.annotation.ProfileValueUtils - Retrieved @ProfileValueSourceConfiguration [null] for test class [hello.HelloControllerTest]
14:27:18.027 [main] DEBUG org.springframework.test.annotation.ProfileValueUtils - Retrieved ProfileValueSource type [class org.springframework.test.annotation.SystemProfileValueSource] for class [hello.HelloControllerTest]
14:27:18.030 [main] DEBUG org.springframework.test.context.junit4.SpringJUnit4ClassRunner - SpringJUnit4ClassRunner constructor called with [class hello.HelloControllerTest]
14:27:18.031 [main] DEBUG org.springframework.test.context.BootstrapUtils - Instantiating CacheAwareContextLoaderDelegate from class [org.springframework.test.context.cache.DefaultCacheAwareContextLoaderDelegate]
14:27:18.031 [main] DEBUG org.springframework.test.context.BootstrapUtils - Instantiating BootstrapContext using constructor [public org.springframework.test.context.support.DefaultBootstrapContext(java.lang.Class,org.springframework.test.context.CacheAwareContextLoaderDelegate)]
14:27:18.031 [main] DEBUG org.springframework.test.context.BootstrapUtils - Instantiating TestContextBootstrapper for test class [hello.HelloControllerTest] from class [org.springframework.boot.test.context.SpringBootTestContextBootstrapper]
14:27:18.033 [main] INFO org.springframework.boot.test.context.SpringBootTestContextBootstrapper - Neither @ContextConfiguration nor @ContextHierarchy found for test class [hello.HelloControllerTest], using SpringBootContextLoader
14:27:18.034 [main] DEBUG org.springframework.test.context.support.AbstractContextLoader - Did not detect default resource location for test class [hello.HelloControllerTest]: class path resource [hello/HelloControllerTest-context.xml] does not exist
14:27:18.035 [main] DEBUG org.springframework.test.context.support.AbstractContextLoader - Did not detect default resource location for test class [hello.HelloControllerTest]: class path resource [hello/HelloControllerTestContext.groovy] does not exist
14:27:18.037 [main] INFO org.springframework.test.context.support.AbstractContextLoader - Could not detect default resource locations for test class [hello.HelloControllerTest]: no resource found for suffixes {-context.xml, Context.groovy}.
14:27:18.038 [main] INFO org.springframework.test.context.support.AnnotationConfigContextLoaderUtils - Could not detect default configuration classes for test class [hello.HelloControllerTest]: HelloControllerTest does not declare any static, non-private, non-final, nested classes annotated with @Configuration.
14:27:18.060 [main] DEBUG org.springframework.test.context.support.ActiveProfilesUtils - Could not find an 'annotation declaring class' for annotation type [org.springframework.test.context.ActiveProfiles] and class [hello.HelloControllerTest]
14:27:18.062 [main] DEBUG org.springframework.core.env.StandardEnvironment - Adding PropertySource 'systemProperties' with lowest search precedence
14:27:18.062 [main] DEBUG org.springframework.core.env.StandardEnvironment - Adding PropertySource 'systemEnvironment' with lowest search precedence
14:27:18.063 [main] DEBUG org.springframework.core.env.StandardEnvironment - Initialized StandardEnvironment with PropertySources [MapPropertySource@125881207 {name='systemProperties', properties={java.runtime.name=Java(TM) SE Runtime Environment, sun.boot.library.path=/usr/lib/jvm/java-8-oracle/jre/lib/amd64, java.vm.version=25.151-b12, java.vm.vendor=Oracle Corporation, java.vendor.url=http://java.oracle.com/, path.separator=:, java.vm.name=Java HotSpot(TM) 64-Bit Server VM, file.encoding.pkg=sun.io, user.country=US, sun.java.launcher=SUN_STANDARD, sun.os.patch.level=unknown, java.vm.specification.name=Java Virtual Machine Specification, user.dir=/home/joao/Documents/gs-spring-boot-master/complete, java.runtime.version=1.8.0_151-b12, basedir=/home/joao/Documents/gs-spring-boot-master/complete, java.awt.graphicsenv=sun.awt.X11GraphicsEnvironment, java.endorsed.dirs=/usr/lib/jvm/java-8-oracle/jre/lib/endorsed, os.arch=amd64, surefire.real.class.path=/home/joao/Documents/gs-spring-boot-master/complete/target/surefire/surefirebooter1005614797026317067.jar, java.io.tmpdir=/tmp, line.separator=
, java.vm.specification.vendor=Oracle Corporation, os.name=Linux, maven.ext.class.path=/usr/local/netbeans-8.2/java/maven-nblib/netbeans-eventspy.jar, sun.jnu.encoding=UTF-8, java.library.path=/usr/lib/jvm/java-8-oracle/jre/lib/amd64:/usr/lib/jvm/java-8-oracle/jre/lib/i386::/usr/java/packages/lib/amd64:/usr/lib64:/lib64:/lib:/usr/lib, surefire.test.class.path=/home/joao/Documents/gs-spring-boot-master/complete/target/test-classes:/home/joao/Documents/gs-spring-boot-master/complete/target/classes:/home/joao/.m2/repository/org/springframework/boot/spring-boot-starter-web/1.5.9.RELEASE/spring-boot-starter-web-1.5.9.RELEASE.jar:/home/joao/.m2/repository/org/springframework/boot/spring-boot-starter/1.5.9.RELEASE/spring-boot-starter-1.5.9.RELEASE.jar:/home/joao/.m2/repository/org/springframework/boot/spring-boot/1.5.9.RELEASE/spring-boot-1.5.9.RELEASE.jar:/home/joao/.m2/repository/org/springframework/boot/spring-boot-autoconfigure/1.5.9.RELEASE/spring-boot-autoconfigure-1.5.9.RELEASE.jar:/home/joao/.m2/repository/org/springframework/boot/spring-boot-starter-logging/1.5.9.RELEASE/spring-boot-starter-logging-1.5.9.RELEASE.jar:/home/joao/.m2/repository/ch/qos/logback/logback-classic/1.1.11/logback-classic-1.1.11.jar:/home/joao/.m2/repository/ch/qos/logback/logback-core/1.1.11/logback-core-1.1.11.jar:/home/joao/.m2/repository/org/slf4j/jcl-over-slf4j/1.7.25/jcl-over-slf4j-1.7.25.jar:/home/joao/.m2/repository/org/slf4j/jul-to-slf4j/1.7.25/jul-to-slf4j-1.7.25.jar:/home/joao/.m2/repository/org/slf4j/log4j-over-slf4j/1.7.25/log4j-over-slf4j-1.7.25.jar:/home/joao/.m2/repository/org/yaml/snakeyaml/1.17/snakeyaml-1.17.jar:/home/joao/.m2/repository/org/springframework/boot/spring-boot-starter-tomcat/1.5.9.RELEASE/spring-boot-starter-tomcat-1.5.9.RELEASE.jar:/home/joao/.m2/repository/org/apache/tomcat/embed/tomcat-embed-core/8.5.23/tomcat-embed-core-8.5.23.jar:/home/joao/.m2/repository/org/apache/tomcat/tomcat-annotations-api/8.5.23/tomcat-annotations-api-8.5.23.jar:/home/joao/.m2/repository/org/apache/tomcat/embed/tomcat-embed-el/8.5.23/tomcat-embed-el-8.5.23.jar:/home/joao/.m2/repository/org/apache/tomcat/embed/tomcat-embed-websocket/8.5.23/tomcat-embed-websocket-8.5.23.jar:/home/joao/.m2/repository/org/hibernate/hibernate-validator/5.3.6.Final/hibernate-validator-5.3.6.Final.jar:/home/joao/.m2/repository/javax/validation/validation-api/1.1.0.Final/validation-api-1.1.0.Final.jar:/home/joao/.m2/repository/org/jboss/logging/jboss-logging/3.3.1.Final/jboss-logging-3.3.1.Final.jar:/home/joao/.m2/repository/com/fasterxml/classmate/1.3.4/classmate-1.3.4.jar:/home/joao/.m2/repository/com/fasterxml/jackson/core/jackson-databind/2.8.10/jackson-databind-2.8.10.jar:/home/joao/.m2/repository/com/fasterxml/jackson/core/jackson-annotations/2.8.0/jackson-annotations-2.8.0.jar:/home/joao/.m2/repository/com/fasterxml/jackson/core/jackson-core/2.8.10/jackson-core-2.8.10.jar:/home/joao/.m2/repository/org/springframework/spring-web/4.3.13.RELEASE/spring-web-4.3.13.RELEASE.jar:/home/joao/.m2/repository/org/springframework/spring-webmvc/4.3.13.RELEASE/spring-webmvc-4.3.13.RELEASE.jar:/home/joao/.m2/repository/org/springframework/boot/spring-boot-starter-actuator/1.5.9.RELEASE/spring-boot-starter-actuator-1.5.9.RELEASE.jar:/home/joao/.m2/repository/org/springframework/boot/spring-boot-actuator/1.5.9.RELEASE/spring-boot-actuator-1.5.9.RELEASE.jar:/home/joao/.m2/repository/org/springframework/boot/spring-boot-starter-test/1.5.9.RELEASE/spring-boot-starter-test-1.5.9.RELEASE.jar:/home/joao/.m2/repository/org/springframework/boot/spring-boot-test/1.5.9.RELEASE/spring-boot-test-1.5.9.RELEASE.jar:/home/joao/.m2/repository/org/springframework/boot/spring-boot-test-autoconfigure/1.5.9.RELEASE/spring-boot-test-autoconfigure-1.5.9.RELEASE.jar:/home/joao/.m2/repository/com/jayway/jsonpath/json-path/2.2.0/json-path-2.2.0.jar:/home/joao/.m2/repository/net/minidev/json-smart/2.2.1/json-smart-2.2.1.jar:/home/joao/.m2/repository/net/minidev/accessors-smart/1.1/accessors-smart-1.1.jar:/home/joao/.m2/repository/org/ow2/asm/asm/5.0.3/asm-5.0.3.jar:/home/joao/.m2/repository/org/slf4j/slf4j-api/1.7.25/slf4j-api-1.7.25.jar:/home/joao/.m2/repository/junit/junit/4.12/junit-4.12.jar:/home/joao/.m2/repository/org/assertj/assertj-core/2.6.0/assertj-core-2.6.0.jar:/home/joao/.m2/repository/org/mockito/mockito-core/1.10.19/mockito-core-1.10.19.jar:/home/joao/.m2/repository/org/objenesis/objenesis/2.1/objenesis-2.1.jar:/home/joao/.m2/repository/org/hamcrest/hamcrest-core/1.3/hamcrest-core-1.3.jar:/home/joao/.m2/repository/org/hamcrest/hamcrest-library/1.3/hamcrest-library-1.3.jar:/home/joao/.m2/repository/org/skyscreamer/jsonassert/1.4.0/jsonassert-1.4.0.jar:/home/joao/.m2/repository/com/vaadin/external/google/android-json/0.0.20131108.vaadin1/android-json-0.0.20131108.vaadin1.jar:/home/joao/.m2/repository/org/springframework/spring-core/4.3.13.RELEASE/spring-core-4.3.13.RELEASE.jar:/home/joao/.m2/repository/org/springframework/spring-test/4.3.13.RELEASE/spring-test-4.3.13.RELEASE.jar:/home/joao/.m2/repository/org/springframework/boot/spring-boot-starter-websocket/1.5.9.RELEASE/spring-boot-starter-websocket-1.5.9.RELEASE.jar:/home/joao/.m2/repository/org/springframework/spring-websocket/4.2.4.RELEASE/spring-websocket-4.2.4.RELEASE.jar:/home/joao/.m2/repository/org/springframework/spring-context/4.3.13.RELEASE/spring-context-4.3.13.RELEASE.jar:/home/joao/.m2/repository/io/projectreactor/reactor-net/2.0.7.RELEASE/reactor-net-2.0.7.RELEASE.jar:/home/joao/.m2/repository/io/projectreactor/reactor-bus/2.0.8.RELEASE/reactor-bus-2.0.8.RELEASE.jar:/home/joao/.m2/repository/com/goldmansachs/gs-collections/5.1.0/gs-collections-5.1.0.jar:/home/joao/.m2/repository/com/goldmansachs/gs-collections-api/5.1.0/gs-collections-api-5.1.0.jar:/home/joao/.m2/repository/io/projectreactor/reactor-core/2.0.8.RELEASE/reactor-core-2.0.8.RELEASE.jar:/home/joao/.m2/repository/org/reactivestreams/reactive-streams/1.0.0/reactive-streams-1.0.0.jar:/home/joao/.m2/repository/io/projectreactor/reactor-stream/2.0.8.RELEASE/reactor-stream-2.0.8.RELEASE.jar:/home/joao/.m2/repository/io/netty/netty-all/4.0.34.Final/netty-all-4.0.34.Final.jar:/home/joao/.m2/repository/org/springframework/spring-messaging/4.2.8.RELEASE/spring-messaging-4.2.8.RELEASE.jar:/home/joao/.m2/repository/org/springframework/spring-beans/4.3.13.RELEASE/spring-beans-4.3.13.RELEASE.jar:/home/joao/.m2/repository/org/springframework/integration/spring-integration-websocket/4.3.12.RELEASE/spring-integration-websocket-4.3.12.RELEASE.jar:/home/joao/.m2/repository/org/springframework/integration/spring-integration-core/4.3.12.RELEASE/spring-integration-core-4.3.12.RELEASE.jar:/home/joao/.m2/repository/org/springframework/spring-tx/4.3.13.RELEASE/spring-tx-4.3.13.RELEASE.jar:/home/joao/.m2/repository/org/springframework/retry/spring-retry/1.2.1.RELEASE/spring-retry-1.2.1.RELEASE.jar:/home/joao/.m2/repository/org/springframework/security/spring-security-messaging/4.2.3.RELEASE/spring-security-messaging-4.2.3.RELEASE.jar:/home/joao/.m2/repository/aopalliance/aopalliance/1.0/aopalliance-1.0.jar:/home/joao/.m2/repository/org/springframework/security/spring-security-core/4.2.3.RELEASE/spring-security-core-4.2.3.RELEASE.jar:/home/joao/.m2/repository/org/springframework/spring-expression/4.3.13.RELEASE/spring-expression-4.3.13.RELEASE.jar:/home/joao/.m2/repository/org/springframework/boot/spring-boot-starter-security/1.5.9.RELEASE/spring-boot-starter-security-1.5.9.RELEASE.jar:/home/joao/.m2/repository/org/springframework/spring-aop/4.3.13.RELEASE/spring-aop-4.3.13.RELEASE.jar:/home/joao/.m2/repository/org/springframework/security/spring-security-config/4.2.3.RELEASE/spring-security-config-4.2.3.RELEASE.jar:/home/joao/.m2/repository/org/springframework/security/spring-security-web/4.2.3.RELEASE/spring-security-web-4.2.3.RELEASE.jar:, java.specification.name=Java Platform API Specification, java.class.version=52.0, sun.management.compiler=HotSpot 64-Bit Tiered Compilers, os.version=4.13.10-041310-generic, user.home=/home/joao, user.timezone=America/Sao_Paulo, java.awt.printerjob=sun.print.PSPrinterJob, file.encoding=UTF-8, java.specification.version=1.8, java.class.path=/home/joao/Documents/gs-spring-boot-master/complete/target/test-classes:/home/joao/Documents/gs-spring-boot-master/complete/target/classes:/home/joao/.m2/repository/org/springframework/boot/spring-boot-starter-web/1.5.9.RELEASE/spring-boot-starter-web-1.5.9.RELEASE.jar:/home/joao/.m2/repository/org/springframework/boot/spring-boot-starter/1.5.9.RELEASE/spring-boot-starter-1.5.9.RELEASE.jar:/home/joao/.m2/repository/org/springframework/boot/spring-boot/1.5.9.RELEASE/spring-boot-1.5.9.RELEASE.jar:/home/joao/.m2/repository/org/springframework/boot/spring-boot-autoconfigure/1.5.9.RELEASE/spring-boot-autoconfigure-1.5.9.RELEASE.jar:/home/joao/.m2/repository/org/springframework/boot/spring-boot-starter-logging/1.5.9.RELEASE/spring-boot-starter-logging-1.5.9.RELEASE.jar:/home/joao/.m2/repository/ch/qos/logback/logback-classic/1.1.11/logback-classic-1.1.11.jar:/home/joao/.m2/repository/ch/qos/logback/logback-core/1.1.11/logback-core-1.1.11.jar:/home/joao/.m2/repository/org/slf4j/jcl-over-slf4j/1.7.25/jcl-over-slf4j-1.7.25.jar:/home/joao/.m2/repository/org/slf4j/jul-to-slf4j/1.7.25/jul-to-slf4j-1.7.25.jar:/home/joao/.m2/repository/org/slf4j/log4j-over-slf4j/1.7.25/log4j-over-slf4j-1.7.25.jar:/home/joao/.m2/repository/org/yaml/snakeyaml/1.17/snakeyaml-1.17.jar:/home/joao/.m2/repository/org/springframework/boot/spring-boot-starter-tomcat/1.5.9.RELEASE/spring-boot-starter-tomcat-1.5.9.RELEASE.jar:/home/joao/.m2/repository/org/apache/tomcat/embed/tomcat-embed-core/8.5.23/tomcat-embed-core-8.5.23.jar:/home/joao/.m2/repository/org/apache/tomcat/tomcat-annotations-api/8.5.23/tomcat-annotations-api-8.5.23.jar:/home/joao/.m2/repository/org/apache/tomcat/embed/tomcat-embed-el/8.5.23/tomcat-embed-el-8.5.23.jar:/home/joao/.m2/repository/org/apache/tomcat/embed/tomcat-embed-websocket/8.5.23/tomcat-embed-websocket-8.5.23.jar:/home/joao/.m2/repository/org/hibernate/hibernate-validator/5.3.6.Final/hibernate-validator-5.3.6.Final.jar:/home/joao/.m2/repository/javax/validation/validation-api/1.1.0.Final/validation-api-1.1.0.Final.jar:/home/joao/.m2/repository/org/jboss/logging/jboss-logging/3.3.1.Final/jboss-logging-3.3.1.Final.jar:/home/joao/.m2/repository/com/fasterxml/classmate/1.3.4/classmate-1.3.4.jar:/home/joao/.m2/repository/com/fasterxml/jackson/core/jackson-databind/2.8.10/jackson-databind-2.8.10.jar:/home/joao/.m2/repository/com/fasterxml/jackson/core/jackson-annotations/2.8.0/jackson-annotations-2.8.0.jar:/home/joao/.m2/repository/com/fasterxml/jackson/core/jackson-core/2.8.10/jackson-core-2.8.10.jar:/home/joao/.m2/repository/org/springframework/spring-web/4.3.13.RELEASE/spring-web-4.3.13.RELEASE.jar:/home/joao/.m2/repository/org/springframework/spring-webmvc/4.3.13.RELEASE/spring-webmvc-4.3.13.RELEASE.jar:/home/joao/.m2/repository/org/springframework/boot/spring-boot-starter-actuator/1.5.9.RELEASE/spring-boot-starter-actuator-1.5.9.RELEASE.jar:/home/joao/.m2/repository/org/springframework/boot/spring-boot-actuator/1.5.9.RELEASE/spring-boot-actuator-1.5.9.RELEASE.jar:/home/joao/.m2/repository/org/springframework/boot/spring-boot-starter-test/1.5.9.RELEASE/spring-boot-starter-test-1.5.9.RELEASE.jar:/home/joao/.m2/repository/org/springframework/boot/spring-boot-test/1.5.9.RELEASE/spring-boot-test-1.5.9.RELEASE.jar:/home/joao/.m2/repository/org/springframework/boot/spring-boot-test-autoconfigure/1.5.9.RELEASE/spring-boot-test-autoconfigure-1.5.9.RELEASE.jar:/home/joao/.m2/repository/com/jayway/jsonpath/json-path/2.2.0/json-path-2.2.0.jar:/home/joao/.m2/repository/net/minidev/json-smart/2.2.1/json-smart-2.2.1.jar:/home/joao/.m2/repository/net/minidev/accessors-smart/1.1/accessors-smart-1.1.jar:/home/joao/.m2/repository/org/ow2/asm/asm/5.0.3/asm-5.0.3.jar:/home/joao/.m2/repository/org/slf4j/slf4j-api/1.7.25/slf4j-api-1.7.25.jar:/home/joao/.m2/repository/junit/junit/4.12/junit-4.12.jar:/home/joao/.m2/repository/org/assertj/assertj-core/2.6.0/assertj-core-2.6.0.jar:/home/joao/.m2/repository/org/mockito/mockito-core/1.10.19/mockito-core-1.10.19.jar:/home/joao/.m2/repository/org/objenesis/objenesis/2.1/objenesis-2.1.jar:/home/joao/.m2/repository/org/hamcrest/hamcrest-core/1.3/hamcrest-core-1.3.jar:/home/joao/.m2/repository/org/hamcrest/hamcrest-library/1.3/hamcrest-library-1.3.jar:/home/joao/.m2/repository/org/skyscreamer/jsonassert/1.4.0/jsonassert-1.4.0.jar:/home/joao/.m2/repository/com/vaadin/external/google/android-json/0.0.20131108.vaadin1/android-json-0.0.20131108.vaadin1.jar:/home/joao/.m2/repository/org/springframework/spring-core/4.3.13.RELEASE/spring-core-4.3.13.RELEASE.jar:/home/joao/.m2/repository/org/springframework/spring-test/4.3.13.RELEASE/spring-test-4.3.13.RELEASE.jar:/home/joao/.m2/repository/org/springframework/boot/spring-boot-starter-websocket/1.5.9.RELEASE/spring-boot-starter-websocket-1.5.9.RELEASE.jar:/home/joao/.m2/repository/org/springframework/spring-websocket/4.2.4.RELEASE/spring-websocket-4.2.4.RELEASE.jar:/home/joao/.m2/repository/org/springframework/spring-context/4.3.13.RELEASE/spring-context-4.3.13.RELEASE.jar:/home/joao/.m2/repository/io/projectreactor/reactor-net/2.0.7.RELEASE/reactor-net-2.0.7.RELEASE.jar:/home/joao/.m2/repository/io/projectreactor/reactor-bus/2.0.8.RELEASE/reactor-bus-2.0.8.RELEASE.jar:/home/joao/.m2/repository/com/goldmansachs/gs-collections/5.1.0/gs-collections-5.1.0.jar:/home/joao/.m2/repository/com/goldmansachs/gs-collections-api/5.1.0/gs-collections-api-5.1.0.jar:/home/joao/.m2/repository/io/projectreactor/reactor-core/2.0.8.RELEASE/reactor-core-2.0.8.RELEASE.jar:/home/joao/.m2/repository/org/reactivestreams/reactive-streams/1.0.0/reactive-streams-1.0.0.jar:/home/joao/.m2/repository/io/projectreactor/reactor-stream/2.0.8.RELEASE/reactor-stream-2.0.8.RELEASE.jar:/home/joao/.m2/repository/io/netty/netty-all/4.0.34.Final/netty-all-4.0.34.Final.jar:/home/joao/.m2/repository/org/springframework/spring-messaging/4.2.8.RELEASE/spring-messaging-4.2.8.RELEASE.jar:/home/joao/.m2/repository/org/springframework/spring-beans/4.3.13.RELEASE/spring-beans-4.3.13.RELEASE.jar:/home/joao/.m2/repository/org/springframework/integration/spring-integration-websocket/4.3.12.RELEASE/spring-integration-websocket-4.3.12.RELEASE.jar:/home/joao/.m2/repository/org/springframework/integration/spring-integration-core/4.3.12.RELEASE/spring-integration-core-4.3.12.RELEASE.jar:/home/joao/.m2/repository/org/springframework/spring-tx/4.3.13.RELEASE/spring-tx-4.3.13.RELEASE.jar:/home/joao/.m2/repository/org/springframework/retry/spring-retry/1.2.1.RELEASE/spring-retry-1.2.1.RELEASE.jar:/home/joao/.m2/repository/org/springframework/security/spring-security-messaging/4.2.3.RELEASE/spring-security-messaging-4.2.3.RELEASE.jar:/home/joao/.m2/repository/aopalliance/aopalliance/1.0/aopalliance-1.0.jar:/home/joao/.m2/repository/org/springframework/security/spring-security-core/4.2.3.RELEASE/spring-security-core-4.2.3.RELEASE.jar:/home/joao/.m2/repository/org/springframework/spring-expression/4.3.13.RELEASE/spring-expression-4.3.13.RELEASE.jar:/home/joao/.m2/repository/org/springframework/boot/spring-boot-starter-security/1.5.9.RELEASE/spring-boot-starter-security-1.5.9.RELEASE.jar:/home/joao/.m2/repository/org/springframework/spring-aop/4.3.13.RELEASE/spring-aop-4.3.13.RELEASE.jar:/home/joao/.m2/repository/org/springframework/security/spring-security-config/4.2.3.RELEASE/spring-security-config-4.2.3.RELEASE.jar:/home/joao/.m2/repository/org/springframework/security/spring-security-web/4.2.3.RELEASE/spring-security-web-4.2.3.RELEASE.jar:, user.name=joao, java.vm.specification.version=1.8, sun.java.command=/home/joao/Documents/gs-spring-boot-master/complete/target/surefire/surefirebooter1005614797026317067.jar /home/joao/Documents/gs-spring-boot-master/complete/target/surefire/surefire7373090473183638861tmp /home/joao/Documents/gs-spring-boot-master/complete/target/surefire/surefire_07652990709724331319tmp, java.home=/usr/lib/jvm/java-8-oracle/jre, sun.arch.data.model=64, user.language=en, java.specification.vendor=Oracle Corporation, awt.toolkit=sun.awt.X11.XToolkit, java.vm.info=mixed mode, java.version=1.8.0_151, java.ext.dirs=/usr/lib/jvm/java-8-oracle/jre/lib/ext:/usr/java/packages/lib/ext, sun.boot.class.path=/usr/lib/jvm/java-8-oracle/jre/lib/resources.jar:/usr/lib/jvm/java-8-oracle/jre/lib/rt.jar:/usr/lib/jvm/java-8-oracle/jre/lib/sunrsasign.jar:/usr/lib/jvm/java-8-oracle/jre/lib/jsse.jar:/usr/lib/jvm/java-8-oracle/jre/lib/jce.jar:/usr/lib/jvm/java-8-oracle/jre/lib/charsets.jar:/usr/lib/jvm/java-8-oracle/jre/lib/jfr.jar:/usr/lib/jvm/java-8-oracle/jre/classes, java.vendor=Oracle Corporation, localRepository=/home/joao/.m2/repository, file.separator=/, java.vendor.url.bug=http://bugreport.sun.com/bugreport/, sun.io.unicode.encoding=UnicodeLittle, sun.cpu.endian=little, sun.desktop=gnome, sun.cpu.isalist=}}, SystemEnvironmentPropertySource@1763344271 {name='systemEnvironment', properties={PATH=/home/joao/bin:/home/joao/.local/bin:/opt/OpenPrinting-Gutenprint/sbin:/opt/OpenPrinting-Gutenprint/bin:/usr/local/sbin:/usr/local/bin:/usr/sbin:/usr/bin:/sbin:/bin:/usr/games:/usr/local/games:/usr/lib/jvm/java-8-oracle/bin:/usr/lib/jvm/java-8-oracle/db/bin:/usr/lib/jvm/java-8-oracle/jre/bin, LC_MEASUREMENT=pt_BR.UTF-8, XAUTHORITY=/home/joao/.Xauthority, LC_TELEPHONE=pt_BR.UTF-8, XDG_DATA_DIRS=/usr/share/cinnamon:/usr/share/gnome:/usr/local/share/:/usr/share/, GDMSESSION=cinnamon, https_proxy=http://192.168.1.43:3128/, MANDATORY_PATH=/usr/share/gconf/cinnamon.mandatory.path, DBUS_SESSION_BUS_ADDRESS=unix:abstract=/tmp/dbus-GbNYBo3x8n,guid=acc9f7f6bba5e6de9ef78b3e5a573488, DEFAULTS_PATH=/usr/share/gconf/cinnamon.default.path, XDG_CURRENT_DESKTOP=X-Cinnamon, JRE_HOME=/usr/lib/jvm/java-8-oracle/jre, NB_EXEC_MAVEN_PROCESS_UUID=ca823f70-8248-4613-a93d-93fa45aec5c7, SSH_AGENT_PID=3629, LD_LIBRARY_PATH=/usr/lib/jvm/java-8-oracle/jre/lib/amd64:/usr/lib/jvm/java-8-oracle/jre/lib/i386:, LC_PAPER=pt_BR.UTF-8, SESSION_MANAGER=local/ideapad-320:@/tmp/.ICE-unix/3567,unix/ideapad-320:/tmp/.ICE-unix/3567, QT_LINUX_ACCESSIBILITY_ALWAYS_ON=1, LOGNAME=joao, PWD=/home/joao/Documents/gs-spring-boot-master/complete, DERBY_HOME=/usr/lib/jvm/java-8-oracle/db, LANGUAGE=en_US, GJS_DEBUG_TOPICS=JS ERROR;JS LOG, SHELL=/bin/bash, LC_ADDRESS=pt_BR.UTF-8, GIO_LAUNCHED_DESKTOP_FILE=/usr/share/applications/netbeans-8.2.desktop, J2SDKDIR=/usr/lib/jvm/java-8-oracle, OLDPWD=/home/joao/Documents/gs-spring-boot-master/complete, GNOME_DESKTOP_SESSION_ID=this-is-deprecated, GTK_MODULES=gail:atk-bridge, J2REDIR=/usr/lib/jvm/java-8-oracle/jre, XDG_SESSION_PATH=/org/freedesktop/DisplayManager/Session0, M2_HOME=/usr/local/netbeans-8.2/java/maven, XDG_SESSION_DESKTOP=cinnamon, SHLVL=1, LC_IDENTIFICATION=pt_BR.UTF-8, J2D_PIXMAPS=shared, LC_MONETARY=pt_BR.UTF-8, MANPATH=/opt/OpenPrinting-Gutenprint/man:/opt/OpenPrinting-Gutenprint/man:/usr/local/man:/usr/local/share/man:/usr/share/man:/usr/lib/jvm/java-8-oracle/man, JAVA_HOME=/usr/lib/jvm/java-8-oracle, XDG_CONFIG_DIRS=/etc/xdg/xdg-cinnamon:/etc/xdg, XFILESEARCHPATH=/usr/dt/app-defaults/%L/Dt, LANG=en_US.UTF-8, XDG_SEAT_PATH=/org/freedesktop/DisplayManager/Seat0, XDG_SESSION_ID=c2, XDG_SESSION_TYPE=x11, DISPLAY=:0, QT_STYLE_OVERRIDE=gtk, ftp_proxy=http://192.168.1.43:3128/, CINNAMON_VERSION=3.4.6, LC_NAME=pt_BR.UTF-8, _=/usr/lib/jvm/java-8-oracle/bin/java, http_proxy=http://192.168.1.43:3128/, no_proxy=localhost, 192.168.1.0/24, 127.0.0.0/8, *maisvida.med.br, GDM_LANG=en_US, XDG_GREETER_DATA_DIR=/var/lib/lightdm-data/joao, DESKTOP_SESSION=cinnamon, USER=joao, GIO_LAUNCHED_DESKTOP_FILE_PID=4466, QT_ACCESSIBILITY=1, LC_NUMERIC=pt_BR.UTF-8, GJS_DEBUG_OUTPUT=stderr, SSH_AUTH_SOCK=/run/user/1000/keyring/ssh, XDG_SEAT=seat0, GTK_OVERLAY_SCROLLING=1, NLSPATH=/usr/dt/lib/nls/msg/%L/%N.cat, QT_QPA_PLATFORMTHEME=qgnomeplatform, XDG_VTNR=7, XDG_RUNTIME_DIR=/run/user/1000, HOME=/home/joao}}]
14:27:18.064 [main] INFO org.springframework.boot.test.context.SpringBootTestContextBootstrapper - Found @SpringBootConfiguration hello.Application for test class hello.HelloControllerTest
14:27:18.067 [main] DEBUG org.springframework.boot.test.context.SpringBootTestContextBootstrapper - @TestExecutionListeners is not present for class [hello.HelloControllerTest]: using defaults.
14:27:18.069 [main] INFO org.springframework.boot.test.context.SpringBootTestContextBootstrapper - Loaded default TestExecutionListener class names from location [META-INF/spring.factories]: [org.springframework.boot.test.mock.mockito.MockitoTestExecutionListener, org.springframework.boot.test.mock.mockito.ResetMocksTestExecutionListener, org.springframework.boot.test.autoconfigure.restdocs.RestDocsTestExecutionListener, org.springframework.boot.test.autoconfigure.web.client.MockRestServiceServerResetTestExecutionListener, org.springframework.boot.test.autoconfigure.web.servlet.MockMvcPrintOnlyOnFailureTestExecutionListener, org.springframework.boot.test.autoconfigure.web.servlet.WebDriverTestExecutionListener, org.springframework.test.context.web.ServletTestExecutionListener, org.springframework.test.context.support.DirtiesContextBeforeModesTestExecutionListener, org.springframework.test.context.support.DependencyInjectionTestExecutionListener, org.springframework.test.context.support.DirtiesContextTestExecutionListener, org.springframework.test.context.transaction.TransactionalTestExecutionListener, org.springframework.test.context.jdbc.SqlScriptsTestExecutionListener]
14:27:18.081 [main] INFO org.springframework.boot.test.context.SpringBootTestContextBootstrapper - Using TestExecutionListeners: [org.springframework.test.context.web.ServletTestExecutionListener@fdefd3f, org.springframework.test.context.support.DirtiesContextBeforeModesTestExecutionListener@d83da2e, org.springframework.boot.test.autoconfigure.SpringBootDependencyInjectionTestExecutionListener@a4102b8, org.springframework.test.context.support.DirtiesContextTestExecutionListener@11dc3715, org.springframework.test.context.transaction.TransactionalTestExecutionListener@69930714, org.springframework.test.context.jdbc.SqlScriptsTestExecutionListener@7a52f2a2, org.springframework.boot.test.mock.mockito.ResetMocksTestExecutionListener@78047b92, org.springframework.boot.test.mock.mockito.MockitoTestExecutionListener@8909f18, org.springframework.boot.test.autoconfigure.restdocs.RestDocsTestExecutionListener@79ca92b9, org.springframework.boot.test.autoconfigure.web.client.MockRestServiceServerResetTestExecutionListener@1460a8c0, org.springframework.boot.test.autoconfigure.web.servlet.WebDriverTestExecutionListener@4f638935, org.springframework.boot.test.autoconfigure.web.servlet.MockMvcPrintOnlyOnFailureTestExecutionListener@4387b79e]
14:27:18.091 [main] DEBUG org.springframework.test.annotation.ProfileValueUtils - Retrieved @ProfileValueSourceConfiguration [null] for test class [hello.HelloControllerTest]
14:27:18.091 [main] DEBUG org.springframework.test.annotation.ProfileValueUtils - Retrieved ProfileValueSource type [class org.springframework.test.annotation.SystemProfileValueSource] for class [hello.HelloControllerTest]
14:27:18.092 [main] DEBUG org.springframework.test.annotation.ProfileValueUtils - Retrieved @ProfileValueSourceConfiguration [null] for test class [hello.HelloControllerTest]
14:27:18.092 [main] DEBUG org.springframework.test.annotation.ProfileValueUtils - Retrieved ProfileValueSource type [class org.springframework.test.annotation.SystemProfileValueSource] for class [hello.HelloControllerTest]
14:27:18.096 [main] DEBUG org.springframework.test.context.support.AbstractDirtiesContextTestExecutionListener - Before test class: context [DefaultTestContext@79ad8b2f testClass = HelloControllerTest, testInstance = [null], testMethod = [null], testException = [null], mergedContextConfiguration = [WebMergedContextConfiguration@1df82230 testClass = HelloControllerTest, locations = '{}', classes = '{class hello.Application}', contextInitializerClasses = '[]', activeProfiles = '{}', propertySourceLocations = '{}', propertySourceProperties = '{org.springframework.boot.test.context.SpringBootTestContextBootstrapper=true}', contextCustomizers = set[[ImportsContextCustomizer@22635ba0 key = [org.springframework.boot.test.autoconfigure.web.servlet.MockMvcAutoConfiguration, org.springframework.boot.test.autoconfigure.web.servlet.MockMvcSecurityAutoConfiguration, org.springframework.boot.test.autoconfigure.web.servlet.MockMvcWebClientAutoConfiguration, org.springframework.boot.test.autoconfigure.web.servlet.MockMvcWebDriverAutoConfiguration]], org.springframework.boot.test.context.SpringBootTestContextCustomizer@59e5ddf, org.springframework.boot.test.context.filter.ExcludeFilterContextCustomizer@1f57539, org.springframework.boot.test.json.DuplicateJsonObjectContextCustomizerFactory$DuplicateJsonObjectContextCustomizer@6ee52dcd, org.springframework.boot.test.mock.mockito.MockitoContextCustomizer@0, org.springframework.boot.test.autoconfigure.properties.PropertyMappingContextCustomizer@e7e8512, org.springframework.boot.test.autoconfigure.web.servlet.WebDriverContextCustomizerFactory$Customizer@7a187f14], resourceBasePath = 'src/main/webapp', contextLoader = 'org.springframework.boot.test.context.SpringBootContextLoader', parent = [null]]], class annotated with @DirtiesContext [false] with mode [null].
14:27:18.097 [main] DEBUG org.springframework.test.annotation.ProfileValueUtils - Retrieved @ProfileValueSourceConfiguration [null] for test class [hello.HelloControllerTest]
14:27:18.098 [main] DEBUG org.springframework.test.annotation.ProfileValueUtils - Retrieved ProfileValueSource type [class org.springframework.test.annotation.SystemProfileValueSource] for class [hello.HelloControllerTest]
14:27:18.166 [main] DEBUG org.springframework.core.env.StandardEnvironment - Adding PropertySource 'systemProperties' with lowest search precedence
14:27:18.166 [main] DEBUG org.springframework.core.env.StandardEnvironment - Adding PropertySource 'systemEnvironment' with lowest search precedence
14:27:18.167 [main] DEBUG org.springframework.core.env.StandardEnvironment - Initialized StandardEnvironment with PropertySources [MapPropertySource@1790585734 {name='systemProperties', properties={java.runtime.name=Java(TM) SE Runtime Environment, sun.boot.library.path=/usr/lib/jvm/java-8-oracle/jre/lib/amd64, java.vm.version=25.151-b12, java.vm.vendor=Oracle Corporation, java.vendor.url=http://java.oracle.com/, path.separator=:, java.vm.name=Java HotSpot(TM) 64-Bit Server VM, file.encoding.pkg=sun.io, user.country=US, sun.java.launcher=SUN_STANDARD, sun.os.patch.level=unknown, java.vm.specification.name=Java Virtual Machine Specification, user.dir=/home/joao/Documents/gs-spring-boot-master/complete, java.runtime.version=1.8.0_151-b12, basedir=/home/joao/Documents/gs-spring-boot-master/complete, java.awt.graphicsenv=sun.awt.X11GraphicsEnvironment, java.endorsed.dirs=/usr/lib/jvm/java-8-oracle/jre/lib/endorsed, os.arch=amd64, surefire.real.class.path=/home/joao/Documents/gs-spring-boot-master/complete/target/surefire/surefirebooter1005614797026317067.jar, java.io.tmpdir=/tmp, line.separator=
, java.vm.specification.vendor=Oracle Corporation, os.name=Linux, maven.ext.class.path=/usr/local/netbeans-8.2/java/maven-nblib/netbeans-eventspy.jar, sun.jnu.encoding=UTF-8, java.library.path=/usr/lib/jvm/java-8-oracle/jre/lib/amd64:/usr/lib/jvm/java-8-oracle/jre/lib/i386::/usr/java/packages/lib/amd64:/usr/lib64:/lib64:/lib:/usr/lib, surefire.test.class.path=/home/joao/Documents/gs-spring-boot-master/complete/target/test-classes:/home/joao/Documents/gs-spring-boot-master/complete/target/classes:/home/joao/.m2/repository/org/springframework/boot/spring-boot-starter-web/1.5.9.RELEASE/spring-boot-starter-web-1.5.9.RELEASE.jar:/home/joao/.m2/repository/org/springframework/boot/spring-boot-starter/1.5.9.RELEASE/spring-boot-starter-1.5.9.RELEASE.jar:/home/joao/.m2/repository/org/springframework/boot/spring-boot/1.5.9.RELEASE/spring-boot-1.5.9.RELEASE.jar:/home/joao/.m2/repository/org/springframework/boot/spring-boot-autoconfigure/1.5.9.RELEASE/spring-boot-autoconfigure-1.5.9.RELEASE.jar:/home/joao/.m2/repository/org/springframework/boot/spring-boot-starter-logging/1.5.9.RELEASE/spring-boot-starter-logging-1.5.9.RELEASE.jar:/home/joao/.m2/repository/ch/qos/logback/logback-classic/1.1.11/logback-classic-1.1.11.jar:/home/joao/.m2/repository/ch/qos/logback/logback-core/1.1.11/logback-core-1.1.11.jar:/home/joao/.m2/repository/org/slf4j/jcl-over-slf4j/1.7.25/jcl-over-slf4j-1.7.25.jar:/home/joao/.m2/repository/org/slf4j/jul-to-slf4j/1.7.25/jul-to-slf4j-1.7.25.jar:/home/joao/.m2/repository/org/slf4j/log4j-over-slf4j/1.7.25/log4j-over-slf4j-1.7.25.jar:/home/joao/.m2/repository/org/yaml/snakeyaml/1.17/snakeyaml-1.17.jar:/home/joao/.m2/repository/org/springframework/boot/spring-boot-starter-tomcat/1.5.9.RELEASE/spring-boot-starter-tomcat-1.5.9.RELEASE.jar:/home/joao/.m2/repository/org/apache/tomcat/embed/tomcat-embed-core/8.5.23/tomcat-embed-core-8.5.23.jar:/home/joao/.m2/repository/org/apache/tomcat/tomcat-annotations-api/8.5.23/tomcat-annotations-api-8.5.23.jar:/home/joao/.m2/repository/org/apache/tomcat/embed/tomcat-embed-el/8.5.23/tomcat-embed-el-8.5.23.jar:/home/joao/.m2/repository/org/apache/tomcat/embed/tomcat-embed-websocket/8.5.23/tomcat-embed-websocket-8.5.23.jar:/home/joao/.m2/repository/org/hibernate/hibernate-validator/5.3.6.Final/hibernate-validator-5.3.6.Final.jar:/home/joao/.m2/repository/javax/validation/validation-api/1.1.0.Final/validation-api-1.1.0.Final.jar:/home/joao/.m2/repository/org/jboss/logging/jboss-logging/3.3.1.Final/jboss-logging-3.3.1.Final.jar:/home/joao/.m2/repository/com/fasterxml/classmate/1.3.4/classmate-1.3.4.jar:/home/joao/.m2/repository/com/fasterxml/jackson/core/jackson-databind/2.8.10/jackson-databind-2.8.10.jar:/home/joao/.m2/repository/com/fasterxml/jackson/core/jackson-annotations/2.8.0/jackson-annotations-2.8.0.jar:/home/joao/.m2/repository/com/fasterxml/jackson/core/jackson-core/2.8.10/jackson-core-2.8.10.jar:/home/joao/.m2/repository/org/springframework/spring-web/4.3.13.RELEASE/spring-web-4.3.13.RELEASE.jar:/home/joao/.m2/repository/org/springframework/spring-webmvc/4.3.13.RELEASE/spring-webmvc-4.3.13.RELEASE.jar:/home/joao/.m2/repository/org/springframework/boot/spring-boot-starter-actuator/1.5.9.RELEASE/spring-boot-starter-actuator-1.5.9.RELEASE.jar:/home/joao/.m2/repository/org/springframework/boot/spring-boot-actuator/1.5.9.RELEASE/spring-boot-actuator-1.5.9.RELEASE.jar:/home/joao/.m2/repository/org/springframework/boot/spring-boot-starter-test/1.5.9.RELEASE/spring-boot-starter-test-1.5.9.RELEASE.jar:/home/joao/.m2/repository/org/springframework/boot/spring-boot-test/1.5.9.RELEASE/spring-boot-test-1.5.9.RELEASE.jar:/home/joao/.m2/repository/org/springframework/boot/spring-boot-test-autoconfigure/1.5.9.RELEASE/spring-boot-test-autoconfigure-1.5.9.RELEASE.jar:/home/joao/.m2/repository/com/jayway/jsonpath/json-path/2.2.0/json-path-2.2.0.jar:/home/joao/.m2/repository/net/minidev/json-smart/2.2.1/json-smart-2.2.1.jar:/home/joao/.m2/repository/net/minidev/accessors-smart/1.1/accessors-smart-1.1.jar:/home/joao/.m2/repository/org/ow2/asm/asm/5.0.3/asm-5.0.3.jar:/home/joao/.m2/repository/org/slf4j/slf4j-api/1.7.25/slf4j-api-1.7.25.jar:/home/joao/.m2/repository/junit/junit/4.12/junit-4.12.jar:/home/joao/.m2/repository/org/assertj/assertj-core/2.6.0/assertj-core-2.6.0.jar:/home/joao/.m2/repository/org/mockito/mockito-core/1.10.19/mockito-core-1.10.19.jar:/home/joao/.m2/repository/org/objenesis/objenesis/2.1/objenesis-2.1.jar:/home/joao/.m2/repository/org/hamcrest/hamcrest-core/1.3/hamcrest-core-1.3.jar:/home/joao/.m2/repository/org/hamcrest/hamcrest-library/1.3/hamcrest-library-1.3.jar:/home/joao/.m2/repository/org/skyscreamer/jsonassert/1.4.0/jsonassert-1.4.0.jar:/home/joao/.m2/repository/com/vaadin/external/google/android-json/0.0.20131108.vaadin1/android-json-0.0.20131108.vaadin1.jar:/home/joao/.m2/repository/org/springframework/spring-core/4.3.13.RELEASE/spring-core-4.3.13.RELEASE.jar:/home/joao/.m2/repository/org/springframework/spring-test/4.3.13.RELEASE/spring-test-4.3.13.RELEASE.jar:/home/joao/.m2/repository/org/springframework/boot/spring-boot-starter-websocket/1.5.9.RELEASE/spring-boot-starter-websocket-1.5.9.RELEASE.jar:/home/joao/.m2/repository/org/springframework/spring-websocket/4.2.4.RELEASE/spring-websocket-4.2.4.RELEASE.jar:/home/joao/.m2/repository/org/springframework/spring-context/4.3.13.RELEASE/spring-context-4.3.13.RELEASE.jar:/home/joao/.m2/repository/io/projectreactor/reactor-net/2.0.7.RELEASE/reactor-net-2.0.7.RELEASE.jar:/home/joao/.m2/repository/io/projectreactor/reactor-bus/2.0.8.RELEASE/reactor-bus-2.0.8.RELEASE.jar:/home/joao/.m2/repository/com/goldmansachs/gs-collections/5.1.0/gs-collections-5.1.0.jar:/home/joao/.m2/repository/com/goldmansachs/gs-collections-api/5.1.0/gs-collections-api-5.1.0.jar:/home/joao/.m2/repository/io/projectreactor/reactor-core/2.0.8.RELEASE/reactor-core-2.0.8.RELEASE.jar:/home/joao/.m2/repository/org/reactivestreams/reactive-streams/1.0.0/reactive-streams-1.0.0.jar:/home/joao/.m2/repository/io/projectreactor/reactor-stream/2.0.8.RELEASE/reactor-stream-2.0.8.RELEASE.jar:/home/joao/.m2/repository/io/netty/netty-all/4.0.34.Final/netty-all-4.0.34.Final.jar:/home/joao/.m2/repository/org/springframework/spring-messaging/4.2.8.RELEASE/spring-messaging-4.2.8.RELEASE.jar:/home/joao/.m2/repository/org/springframework/spring-beans/4.3.13.RELEASE/spring-beans-4.3.13.RELEASE.jar:/home/joao/.m2/repository/org/springframework/integration/spring-integration-websocket/4.3.12.RELEASE/spring-integration-websocket-4.3.12.RELEASE.jar:/home/joao/.m2/repository/org/springframework/integration/spring-integration-core/4.3.12.RELEASE/spring-integration-core-4.3.12.RELEASE.jar:/home/joao/.m2/repository/org/springframework/spring-tx/4.3.13.RELEASE/spring-tx-4.3.13.RELEASE.jar:/home/joao/.m2/repository/org/springframework
[...]
2018-01-11 14:27:18.622  INFO 9505 --- [           main] o.s.w.c.s.GenericWebApplicationContext   : Refreshing org.springframework.web.context.support.GenericWebApplicationContext@e15b7e8: startup date [Thu Jan 11 14:27:18 BRST 2018]; root of context hierarchy
2018-01-11 14:27:19.578  INFO 9505 --- [           main] o.s.i.config.IntegrationRegistrar        : No bean named 'integrationHeaderChannelRegistry' has been explicitly defined. Therefore, a default DefaultHeaderChannelRegistry will be created.
2018-01-11 14:27:20.023  INFO 9505 --- [           main] faultConfiguringBeanFactoryPostProcessor : No bean named 'errorChannel' has been explicitly defined. Therefore, a default PublishSubscribeChannel will be created.
2018-01-11 14:27:20.027  INFO 9505 --- [           main] faultConfiguringBeanFactoryPostProcessor : No bean named 'taskScheduler' has been explicitly defined. Therefore, a default ThreadPoolTaskScheduler will be created.
2018-01-11 14:27:20.181  INFO 9505 --- [           main] trationDelegate$BeanPostProcessorChecker : Bean 'integrationGlobalProperties' of type [org.springframework.beans.factory.config.PropertiesFactoryBean] is not eligible for getting processed by all BeanPostProcessors (for example: not eligible for auto-proxying)
2018-01-11 14:27:20.187  INFO 9505 --- [           main] trationDelegate$BeanPostProcessorChecker : Bean 'integrationGlobalProperties' of type [java.util.Properties] is not eligible for getting processed by all BeanPostProcessors (for example: not eligible for auto-proxying)
2018-01-11 14:27:20.528  INFO 9505 --- [           main] o.s.s.concurrent.ThreadPoolTaskExecutor  : Initializing ExecutorService  'clientInboundChannelExecutor'
2018-01-11 14:27:20.536  INFO 9505 --- [           main] o.s.s.concurrent.ThreadPoolTaskExecutor  : Initializing ExecutorService  'clientOutboundChannelExecutor'
2018-01-11 14:27:20.562  INFO 9505 --- [           main] o.s.s.c.ThreadPoolTaskScheduler          : Initializing ExecutorService  'defaultSockJsTaskScheduler'
2018-01-11 14:27:20.575  WARN 9505 --- [           main] o.s.w.s.s.s.WebSocketHandlerMapping      : Neither 'urlMap' nor 'mappings' set on SimpleUrlHandlerMapping
2018-01-11 14:27:20.588  INFO 9505 --- [           main] o.s.s.c.ThreadPoolTaskScheduler          : Initializing ExecutorService  'messageBrokerTaskScheduler'
2018-01-11 14:27:20.619  INFO 9505 --- [           main] o.s.w.s.s.s.WebSocketHandlerMapping      : Mapped URL path [/mv-chat/**] onto handler of type [class org.springframework.web.socket.sockjs.support.SockJsHttpRequestHandler]
2018-01-11 14:27:20.656  INFO 9505 --- [           main] o.s.s.concurrent.ThreadPoolTaskExecutor  : Initializing ExecutorService  'brokerChannelExecutor'
2018-01-11 14:27:20.880  WARN 9505 --- [           main] o.s.w.c.s.GenericWebApplicationContext   : Exception encountered during context initialization - cancelling refresh attempt: org.springframework.beans.factory.BeanCreationException: Error creating bean with name 'createWebSocketContainer' defined in class path resource [hello/connect/WebSocketConfig.class]: Invocation of init method failed; nested exception is java.lang.IllegalStateException: A ServletContext is required to access the javax.websocket.server.ServerContainer instance
2018-01-11 14:27:20.881  INFO 9505 --- [           main] o.s.s.concurrent.ThreadPoolTaskExecutor  : Shutting down ExecutorService 'brokerChannelExecutor'
2018-01-11 14:27:20.881  INFO 9505 --- [           main] o.s.s.c.ThreadPoolTaskScheduler          : Shutting down ExecutorService 'messageBrokerTaskScheduler'
2018-01-11 14:27:20.882  INFO 9505 --- [           main] o.s.s.c.ThreadPoolTaskScheduler          : Shutting down ExecutorService 'defaultSockJsTaskScheduler'
2018-01-11 14:27:20.882  INFO 9505 --- [           main] o.s.s.concurrent.ThreadPoolTaskExecutor  : Shutting down ExecutorService 'clientOutboundChannelExecutor'
2018-01-11 14:27:20.882  INFO 9505 --- [           main] o.s.s.concurrent.ThreadPoolTaskExecutor  : Shutting down ExecutorService 'clientInboundChannelExecutor'
2018-01-11 14:27:20.895  INFO 9505 --- [           main] utoConfigurationReportLoggingInitializer : 

Error starting ApplicationContext. To display the auto-configuration report re-run your application with 'debug' enabled.
2018-01-11 14:27:20.902 ERROR 9505 --- [           main] o.s.boot.SpringApplication               : Application startup failed

org.springframework.beans.factory.BeanCreationException: Error creating bean with name 'createWebSocketContainer' defined in class path resource [hello/connect/WebSocketConfig.class]: Invocation of init method failed; nested exception is java.lang.IllegalStateException: A ServletContext is required to access the javax.websocket.server.ServerContainer instance
	at org.springframework.beans.factory.support.AbstractAutowireCapableBeanFactory.initializeBean(AbstractAutowireCapableBeanFactory.java:1628) ~[spring-beans-4.3.13.RELEASE.jar:4.3.13.RELEASE]
	at org.springframework.beans.factory.support.AbstractAutowireCapableBeanFactory.doCreateBean(AbstractAutowireCapableBeanFactory.java:555) ~[spring-beans-4.3.13.RELEASE.jar:4.3.13.RELEASE]
	at org.springframework.beans.factory.support.AbstractAutowireCapableBeanFactory.createBean(AbstractAutowireCapableBeanFactory.java:483) ~[spring-beans-4.3.13.RELEASE.jar:4.3.13.RELEASE]
	at org.springframework.beans.factory.support.AbstractBeanFactory$1.getObject(AbstractBeanFactory.java:306) ~[spring-beans-4.3.13.RELEASE.jar:4.3.13.RELEASE]
	at org.springframework.beans.factory.support.DefaultSingletonBeanRegistry.getSingleton(DefaultSingletonBeanRegistry.java:230) ~[spring-beans-4.3.13.RELEASE.jar:4.3.13.RELEASE]
	at org.springframework.beans.factory.support.AbstractBeanFactory.doGetBean(AbstractBeanFactory.java:302) ~[spring-beans-4.3.13.RELEASE.jar:4.3.13.RELEASE]
	at org.springframework.beans.factory.support.AbstractBeanFactory.getBean(AbstractBeanFactory.java:197) ~[spring-beans-4.3.13.RELEASE.jar:4.3.13.RELEASE]
	at org.springframework.beans.factory.support.DefaultListableBeanFactory.preInstantiateSingletons(DefaultListableBeanFactory.java:742) ~[spring-beans-4.3.13.RELEASE.jar:4.3.13.RELEASE]
	at org.springframework.context.support.AbstractApplicationContext.finishBeanFactoryInitialization(AbstractApplicationContext.java:867) ~[spring-context-4.3.13.RELEASE.jar:4.3.13.RELEASE]
	at org.springframework.context.support.AbstractApplicationContext.refresh(AbstractApplicationContext.java:543) ~[spring-context-4.3.13.RELEASE.jar:4.3.13.RELEASE]
	at org.springframework.boot.SpringApplication.refresh(SpringApplication.java:693) ~[spring-boot-1.5.9.RELEASE.jar:1.5.9.RELEASE]
	at org.springframework.boot.SpringApplication.refreshContext(SpringApplication.java:360) ~[spring-boot-1.5.9.RELEASE.jar:1.5.9.RELEASE]
	at org.springframework.boot.SpringApplication.run(SpringApplication.java:303) ~[spring-boot-1.5.9.RELEASE.jar:1.5.9.RELEASE]
	at org.springframework.boot.test.context.SpringBootContextLoader.loadContext(SpringBootContextLoader.java:120) [spring-boot-test-1.5.9.RELEASE.jar:1.5.9.RELEASE]
	at org.springframework.test.context.cache.DefaultCacheAwareContextLoaderDelegate.loadContextInternal(DefaultCacheAwareContextLoaderDelegate.java:98) [spring-test-4.3.13.RELEASE.jar:4.3.13.RELEASE]
	at org.springframework.test.context.cache.DefaultCacheAwareContextLoaderDelegate.loadContext(DefaultCacheAwareContextLoaderDelegate.java:116) [spring-test-4.3.13.RELEASE.jar:4.3.13.RELEASE]
	at org.springframework.test.context.support.DefaultTestContext.getApplicationContext(DefaultTestContext.java:83) [spring-test-4.3.13.RELEASE.jar:4.3.13.RELEASE]
	at org.springframework.test.context.web.ServletTestExecutionListener.setUpRequestContextIfNecessary(ServletTestExecutionListener.java:189) [spring-test-4.3.13.RELEASE.jar:4.3.13.RELEASE]
	at org.springframework.test.context.web.ServletTestExecutionListener.prepareTestInstance(ServletTestExecutionListener.java:131) [spring-test-4.3.13.RELEASE.jar:4.3.13.RELEASE]
	at org.springframework.test.context.TestContextManager.prepareTestInstance(TestContextManager.java:230) [spring-test-4.3.13.RELEASE.jar:4.3.13.RELEASE]
	at org.springframework.test.context.junit4.SpringJUnit4ClassRunner.createTest(SpringJUnit4ClassRunner.java:228) [spring-test-4.3.13.RELEASE.jar:4.3.13.RELEASE]
	at org.springframework.test.context.junit4.SpringJUnit4ClassRunner$1.runReflectiveCall(SpringJUnit4ClassRunner.java:287) [spring-test-4.3.13.RELEASE.jar:4.3.13.RELEASE]
	at org.junit.internal.runners.model.ReflectiveCallable.run(ReflectiveCallable.java:12) [junit-4.12.jar:4.12]
	at org.springframework.test.context.junit4.SpringJUnit4ClassRunner.methodBlock(SpringJUnit4ClassRunner.java:289) [spring-test-4.3.13.RELEASE.jar:4.3.13.RELEASE]
	at org.springframework.test.context.junit4.SpringJUnit4ClassRunner.runChild(SpringJUnit4ClassRunner.java:247) [spring-test-4.3.13.RELEASE.jar:4.3.13.RELEASE]
	at org.springframework.test.context.junit4.SpringJUnit4ClassRunner.runChild(SpringJUnit4ClassRunner.java:94) [spring-test-4.3.13.RELEASE.jar:4.3.13.RELEASE]
	at org.junit.runners.ParentRunner$3.run(ParentRunner.java:290) [junit-4.12.jar:4.12]
	at org.junit.runners.ParentRunner$1.schedule(ParentRunner.java:71) [junit-4.12.jar:4.12]
	at org.junit.runners.ParentRunner.runChildren(ParentRunner.java:288) [junit-4.12.jar:4.12]
	at org.junit.runners.ParentRunner.access$000(ParentRunner.java:58) [junit-4.12.jar:4.12]
	at org.junit.runners.ParentRunner$2.evaluate(ParentRunner.java:268) [junit-4.12.jar:4.12]
	at org.springframework.test.context.junit4.statements.RunBeforeTestClassCallbacks.evaluate(RunBeforeTestClassCallbacks.java:61) [spring-test-4.3.13.RELEASE.jar:4.3.13.RELEASE]
	at org.springframework.test.context.junit4.statements.RunAfterTestClassCallbacks.evaluate(RunAfterTestClassCallbacks.java:70) [spring-test-4.3.13.RELEASE.jar:4.3.13.RELEASE]
	at org.junit.runners.ParentRunner.run(ParentRunner.java:363) [junit-4.12.jar:4.12]
	at org.springframework.test.context.junit4.SpringJUnit4ClassRunner.run(SpringJUnit4ClassRunner.java:191) [spring-test-4.3.13.RELEASE.jar:4.3.13.RELEASE]
	at org.apache.maven.surefire.junit4.JUnit4Provider.execute(JUnit4Provider.java:283) [surefire-junit4-2.18.1.jar:2.18.1]
	at org.apache.maven.surefire.junit4.JUnit4Provider.executeWithRerun(JUnit4Provider.java:173) [surefire-junit4-2.18.1.jar:2.18.1]
	at org.apache.maven.surefire.junit4.JUnit4Provider.executeTestSet(JUnit4Provider.java:153) [surefire-junit4-2.18.1.jar:2.18.1]
	at org.apache.maven.surefire.junit4.JUnit4Provider.invoke(JUnit4Provider.java:128) [surefire-junit4-2.18.1.jar:2.18.1]
	at org.apache.maven.surefire.booter.ForkedBooter.invokeProviderInSameClassLoader(ForkedBooter.java:203) [surefire-booter-2.18.1.jar:2.18.1]
	at org.apache.maven.surefire.booter.ForkedBooter.runSuitesInProcess(ForkedBooter.java:155) [surefire-booter-2.18.1.jar:2.18.1]
	at org.apache.maven.surefire.booter.ForkedBooter.main(ForkedBooter.java:103) [surefire-booter-2.18.1.jar:2.18.1]
Caused by: java.lang.IllegalStateException: A ServletContext is required to access the javax.websocket.server.ServerContainer instance
	at org.springframework.util.Assert.state(Assert.java:70) ~[spring-core-4.3.13.RELEASE.jar:4.3.13.RELEASE]
	at org.springframework.web.socket.server.standard.ServletServerContainerFactoryBean.afterPropertiesSet(ServletServerContainerFactoryBean.java:99) ~[spring-websocket-4.2.4.RELEASE.jar:4.2.4.RELEASE]
	at org.springframework.beans.factory.support.AbstractAutowireCapableBeanFactory.invokeInitMethods(AbstractAutowireCapableBeanFactory.java:1687) ~[spring-beans-4.3.13.RELEASE.jar:4.3.13.RELEASE]
	at org.springframework.beans.factory.support.AbstractAutowireCapableBeanFactory.initializeBean(AbstractAutowireCapableBeanFactory.java:1624) ~[spring-beans-4.3.13.RELEASE.jar:4.3.13.RELEASE]
	... 41 common frames omitted

2018-01-11 14:27:20.905 ERROR 9505 --- [           main] o.s.test.context.TestContextManager      : Caught exception while allowing TestExecutionListener [org.springframework.test.context.web.ServletTestExecutionListener@fdefd3f] to prepare test instance [hello.HelloControllerTest@5633dafd]

java.lang.IllegalStateException: Failed to load ApplicationContext
	at org.springframework.test.context.cache.DefaultCacheAwareContextLoaderDelegate.loadContext(DefaultCacheAwareContextLoaderDelegate.java:124) ~[spring-test-4.3.13.RELEASE.jar:4.3.13.RELEASE]
	at org.springframework.test.context.support.DefaultTestContext.getApplicationContext(DefaultTestContext.java:83) ~[spring-test-4.3.13.RELEASE.jar:4.3.13.RELEASE]
	at org.springframework.test.context.web.ServletTestExecutionListener.setUpRequestContextIfNecessary(ServletTestExecutionListener.java:189) ~[spring-test-4.3.13.RELEASE.jar:4.3.13.RELEASE]
	at org.springframework.test.context.web.ServletTestExecutionListener.prepareTestInstance(ServletTestExecutionListener.java:131) ~[spring-test-4.3.13.RELEASE.jar:4.3.13.RELEASE]
	at org.springframework.test.context.TestContextManager.prepareTestInstance(TestContextManager.java:230) ~[spring-test-4.3.13.RELEASE.jar:4.3.13.RELEASE]
	at org.springframework.test.context.junit4.SpringJUnit4ClassRunner.createTest(SpringJUnit4ClassRunner.java:228) [spring-test-4.3.13.RELEASE.jar:4.3.13.RELEASE]
	at org.springframework.test.context.junit4.SpringJUnit4ClassRunner$1.runReflectiveCall(SpringJUnit4ClassRunner.java:287) [spring-test-4.3.13.RELEASE.jar:4.3.13.RELEASE]
	at org.junit.internal.runners.model.ReflectiveCallable.run(ReflectiveCallable.java:12) [junit-4.12.jar:4.12]
	at org.springframework.test.context.junit4.SpringJUnit4ClassRunner.methodBlock(SpringJUnit4ClassRunner.java:289) [spring-test-4.3.13.RELEASE.jar:4.3.13.RELEASE]
	at org.springframework.test.context.junit4.SpringJUnit4ClassRunner.runChild(SpringJUnit4ClassRunner.java:247) [spring-test-4.3.13.RELEASE.jar:4.3.13.RELEASE]
	at org.springframework.test.context.junit4.SpringJUnit4ClassRunner.runChild(SpringJUnit4ClassRunner.java:94) [spring-test-4.3.13.RELEASE.jar:4.3.13.RELEASE]
	at org.junit.runners.ParentRunner$3.run(ParentRunner.java:290) [junit-4.12.jar:4.12]
	at org.junit.runners.ParentRunner$1.schedule(ParentRunner.java:71) [junit-4.12.jar:4.12]
	at org.junit.runners.ParentRunner.runChildren(ParentRunner.java:288) [junit-4.12.jar:4.12]
	at org.junit.runners.ParentRunner.access$000(ParentRunner.java:58) [junit-4.12.jar:4.12]
	at org.junit.runners.ParentRunner$2.evaluate(ParentRunner.java:268) [junit-4.12.jar:4.12]
	at org.springframework.test.context.junit4.statements.RunBeforeTestClassCallbacks.evaluate(RunBeforeTestClassCallbacks.java:61) [spring-test-4.3.13.RELEASE.jar:4.3.13.RELEASE]
	at org.springframework.test.context.junit4.statements.RunAfterTestClassCallbacks.evaluate(RunAfterTestClassCallbacks.java:70) [spring-test-4.3.13.RELEASE.jar:4.3.13.RELEASE]
	at org.junit.runners.ParentRunner.run(ParentRunner.java:363) [junit-4.12.jar:4.12]
	at org.springframework.test.context.junit4.SpringJUnit4ClassRunner.run(SpringJUnit4ClassRunner.java:191) [spring-test-4.3.13.RELEASE.jar:4.3.13.RELEASE]
	at org.apache.maven.surefire.junit4.JUnit4Provider.execute(JUnit4Provider.java:283) [surefire-junit4-2.18.1.jar:2.18.1]
	at org.apache.maven.surefire.junit4.JUnit4Provider.executeWithRerun(JUnit4Provider.java:173) [surefire-junit4-2.18.1.jar:2.18.1]
	at org.apache.maven.surefire.junit4.JUnit4Provider.executeTestSet(JUnit4Provider.java:153) [surefire-junit4-2.18.1.jar:2.18.1]
	at org.apache.maven.surefire.junit4.JUnit4Provider.invoke(JUnit4Provider.java:128) [surefire-junit4-2.18.1.jar:2.18.1]
	at org.apache.maven.surefire.booter.ForkedBooter.invokeProviderInSameClassLoader(ForkedBooter.java:203) [surefire-booter-2.18.1.jar:2.18.1]
	at org.apache.maven.surefire.booter.ForkedBooter.runSuitesInProcess(ForkedBooter.java:155) [surefire-booter-2.18.1.jar:2.18.1]
	at org.apache.maven.surefire.booter.ForkedBooter.main(ForkedBooter.java:103) [surefire-booter-2.18.1.jar:2.18.1]
Caused by: org.springframework.beans.factory.BeanCreationException: Error creating bean with name 'createWebSocketContainer' defined in class path resource [hello/connect/WebSocketConfig.class]: Invocation of init method failed; nested exception is java.lang.IllegalStateException: A ServletContext is required to access the javax.websocket.server.ServerContainer instance
	at org.springframework.beans.factory.support.AbstractAutowireCapableBeanFactory.initializeBean(AbstractAutowireCapableBeanFactory.java:1628) ~[spring-beans-4.3.13.RELEASE.jar:4.3.13.RELEASE]
	at org.springframework.beans.factory.support.AbstractAutowireCapableBeanFactory.doCreateBean(AbstractAutowireCapableBeanFactory.java:555) ~[spring-beans-4.3.13.RELEASE.jar:4.3.13.RELEASE]
	at org.springframework.beans.factory.support.AbstractAutowireCapableBeanFactory.createBean(AbstractAutowireCapableBeanFactory.java:483) ~[spring-beans-4.3.13.RELEASE.jar:4.3.13.RELEASE]
	at org.springframework.beans.factory.support.AbstractBeanFactory$1.getObject(AbstractBeanFactory.java:306) ~[spring-beans-4.3.13.RELEASE.jar:4.3.13.RELEASE]
	at org.springframework.beans.factory.support.DefaultSingletonBeanRegistry.getSingleton(DefaultSingletonBeanRegistry.java:230) ~[spring-beans-4.3.13.RELEASE.jar:4.3.13.RELEASE]
	at org.springframework.beans.factory.support.AbstractBeanFactory.doGetBean(AbstractBeanFactory.java:302) ~[spring-beans-4.3.13.RELEASE.jar:4.3.13.RELEASE]
	at org.springframework.beans.factory.support.AbstractBeanFactory.getBean(AbstractBeanFactory.java:197) ~[spring-beans-4.3.13.RELEASE.jar:4.3.13.RELEASE]
	at org.springframework.beans.factory.support.DefaultListableBeanFactory.preInstantiateSingletons(DefaultListableBeanFactory.java:742) ~[spring-beans-4.3.13.RELEASE.jar:4.3.13.RELEASE]
	at org.springframework.context.support.AbstractApplicationContext.finishBeanFactoryInitialization(AbstractApplicationContext.java:867) ~[spring-context-4.3.13.RELEASE.jar:4.3.13.RELEASE]
	at org.springframework.context.support.AbstractApplicationContext.refresh(AbstractApplicationContext.java:543) ~[spring-context-4.3.13.RELEASE.jar:4.3.13.RELEASE]
	at org.springframework.boot.SpringApplication.refresh(SpringApplication.java:693) ~[spring-boot-1.5.9.RELEASE.jar:1.5.9.RELEASE]
	at org.springframework.boot.SpringApplication.refreshContext(SpringApplication.java:360) ~[spring-boot-1.5.9.RELEASE.jar:1.5.9.RELEASE]
	at org.springframework.boot.SpringApplication.run(SpringApplication.java:303) ~[spring-boot-1.5.9.RELEASE.jar:1.5.9.RELEASE]
	at org.springframework.boot.test.context.SpringBootContextLoader.loadContext(SpringBootContextLoader.java:120) ~[spring-boot-test-1.5.9.RELEASE.jar:1.5.9.RELEASE]
	at org.springframework.test.context.cache.DefaultCacheAwareContextLoaderDelegate.loadContextInternal(DefaultCacheAwareContextLoaderDelegate.java:98) ~[spring-test-4.3.13.RELEASE.jar:4.3.13.RELEASE]
	at org.springframework.test.context.cache.DefaultCacheAwareContextLoaderDelegate.loadContext(DefaultCacheAwareContextLoaderDelegate.java:116) ~[spring-test-4.3.13.RELEASE.jar:4.3.13.RELEASE]
	... 26 common frames omitted
Caused by: java.lang.IllegalStateException: A ServletContext is required to access the javax.websocket.server.ServerContainer instance
	at org.springframework.util.Assert.state(Assert.java:70) ~[spring-core-4.3.13.RELEASE.jar:4.3.13.RELEASE]
	at org.springframework.web.socket.server.standard.ServletServerContainerFactoryBean.afterPropertiesSet(ServletServerContainerFactoryBean.java:99) ~[spring-websocket-4.2.4.RELEASE.jar:4.2.4.RELEASE]
	at org.springframework.beans.factory.support.AbstractAutowireCapableBeanFactory.invokeInitMethods(AbstractAutowireCapableBeanFactory.java:1687) ~[spring-beans-4.3.13.RELEASE.jar:4.3.13.RELEASE]
	at org.springframework.beans.factory.support.AbstractAutowireCapableBeanFactory.initializeBean(AbstractAutowireCapableBeanFactory.java:1624) ~[spring-beans-4.3.13.RELEASE.jar:4.3.13.RELEASE]
	... 41 common frames omitted

]]></system-out>
  </testcase>
</testsuite>